CRITICAL - 2024-03-04 16:41:14 --> ErrorException: Undefined variable $route
in APPPATH\Config\Routes.php on line 15.
 1 APPPATH\Config\Routes.php(15): CodeIgniter\Debug\Exceptions->errorHandler()
 2 SYSTEMPATH\Router\RouteCollection.php(344): require('C:\\Users\\Lenovo\\OneDrive\\Área de Trabalho\\codeigniter4\\app\\Config\\Routes.php')
 3 SYSTEMPATH\CodeIgniter.php(810): CodeIgniter\Router\RouteCollection->loadRoutes()
 4 SYSTEMPATH\CodeIgniter.php(450): CodeIgniter\CodeIgniter->tryToRouteIt()
 5 SYSTEMPATH\CodeIgniter.php(361): CodeIgniter\CodeIgniter->handleRequest()
 6 FCPATH\index.php(79): CodeIgniter\CodeIgniter->run()
 7 SYSTEMPATH\Commands\Server\rewrite.php(47): require_once('C:\\Users\\Lenovo\\OneDrive\\Área de Trabalho\\codeigniter4\\public\\index.php')
INFO - 2024-03-04 16:42:44 --> Session: Class initialized using 'CodeIgniter\Session\Handlers\FileHandler' driver.
INFO - 2024-03-04 16:44:52 --> Session: Class initialized using 'CodeIgniter\Session\Handlers\FileHandler' driver.
INFO - 2024-03-04 16:45:39 --> Session: Class initialized using 'CodeIgniter\Session\Handlers\FileHandler' driver.
INFO - 2024-03-04 16:46:08 --> CSRF token verified.
CRITICAL - 2024-03-04 16:46:08 --> CodeIgniter\View\Exceptions\ViewException: Invalid file: "template/footer.php"
in SYSTEMPATH\Exceptions\FrameworkException.php on line 39.
 1 SYSTEMPATH\View\View.php(216): CodeIgniter\Exceptions\FrameworkException::forInvalidFile()
 2 SYSTEMPATH\Common.php(1178): CodeIgniter\View\View->render()
 3 APPPATH\Controllers\News.php(77): view()
 4 SYSTEMPATH\CodeIgniter.php(941): App\Controllers\News->create()
 5 SYSTEMPATH\CodeIgniter.php(502): CodeIgniter\CodeIgniter->runController()
 6 SYSTEMPATH\CodeIgniter.php(361): CodeIgniter\CodeIgniter->handleRequest()
 7 FCPATH\index.php(79): CodeIgniter\CodeIgniter->run()
 8 SYSTEMPATH\Commands\Server\rewrite.php(47): require_once('C:\\Users\\Lenovo\\OneDrive\\Área de Trabalho\\codeigniter4\\public\\index.php')
INFO - 2024-03-04 16:48:03 --> CSRF token verified.
ERROR - 2024-03-04 16:48:03 --> mysqli_sql_exception: Duplicate entry 'noticia-nova' for key 'slug' in C:\Users\Lenovo\OneDrive\Área de Trabalho\codeigniter4\system\Database\MySQLi\Connection.php:306
Stack trace:
#0 C:\Users\Lenovo\OneDrive\Área de Trabalho\codeigniter4\system\Database\MySQLi\Connection.php(306): mysqli->query()
#1 C:\Users\Lenovo\OneDrive\Área de Trabalho\codeigniter4\system\Database\BaseConnection.php(693): CodeIgniter\Database\MySQLi\Connection->execute()
#2 C:\Users\Lenovo\OneDrive\Área de Trabalho\codeigniter4\system\Database\BaseConnection.php(607): CodeIgniter\Database\BaseConnection->simpleQuery()
#3 C:\Users\Lenovo\OneDrive\Área de Trabalho\codeigniter4\system\Database\BaseBuilder.php(2307): CodeIgniter\Database\BaseConnection->query()
#4 C:\Users\Lenovo\OneDrive\Área de Trabalho\codeigniter4\system\Model.php(326): CodeIgniter\Database\BaseBuilder->insert()
#5 C:\Users\Lenovo\OneDrive\Área de Trabalho\codeigniter4\system\BaseModel.php(802): CodeIgniter\Model->doInsert()
#6 C:\Users\Lenovo\OneDrive\Área de Trabalho\codeigniter4\system\Model.php(744): CodeIgniter\BaseModel->insert()
#7 C:\Users\Lenovo\OneDrive\Área de Trabalho\codeigniter4\system\BaseModel.php(713): CodeIgniter\Model->insert()
#8 C:\Users\Lenovo\OneDrive\Área de Trabalho\codeigniter4\app\Controllers\News.php(69): CodeIgniter\BaseModel->save()
#9 C:\Users\Lenovo\OneDrive\Área de Trabalho\codeigniter4\system\CodeIgniter.php(941): App\Controllers\News->create()
#10 C:\Users\Lenovo\OneDrive\Área de Trabalho\codeigniter4\system\CodeIgniter.php(502): CodeIgniter\CodeIgniter->runController()
#11 C:\Users\Lenovo\OneDrive\Área de Trabalho\codeigniter4\system\CodeIgniter.php(361): CodeIgniter\CodeIgniter->handleRequest()
#12 C:\Users\Lenovo\OneDrive\Área de Trabalho\codeigniter4\public\index.php(79): CodeIgniter\CodeIgniter->run()
#13 C:\Users\Lenovo\OneDrive\Área de Trabalho\codeigniter4\system\Commands\Server\rewrite.php(47): require_once('...')
#14 {main}
CRITICAL - 2024-03-04 16:48:03 --> CodeIgniter\Database\Exceptions\DatabaseException: Duplicate entry 'noticia-nova' for key 'slug'
in SYSTEMPATH\Database\BaseConnection.php on line 647.
 1 SYSTEMPATH\Database\BaseBuilder.php(2307): CodeIgniter\Database\BaseConnection->query()
 2 SYSTEMPATH\Model.php(326): CodeIgniter\Database\BaseBuilder->insert()
 3 SYSTEMPATH\BaseModel.php(802): CodeIgniter\Model->doInsert()
 4 SYSTEMPATH\Model.php(744): CodeIgniter\BaseModel->insert()
 5 SYSTEMPATH\BaseModel.php(713): CodeIgniter\Model->insert()
 6 APPPATH\Controllers\News.php(69): CodeIgniter\BaseModel->save()
 7 SYSTEMPATH\CodeIgniter.php(941): App\Controllers\News->create()
 8 SYSTEMPATH\CodeIgniter.php(502): CodeIgniter\CodeIgniter->runController()
 9 SYSTEMPATH\CodeIgniter.php(361): CodeIgniter\CodeIgniter->handleRequest()
10 FCPATH\index.php(79): CodeIgniter\CodeIgniter->run()
11 SYSTEMPATH\Commands\Server\rewrite.php(47): require_once('C:\\Users\\Lenovo\\OneDrive\\Área de Trabalho\\codeigniter4\\public\\index.php')
CRITICAL - 2024-03-04 16:48:03 --> [Caused by] CodeIgniter\Database\Exceptions\DatabaseException: Duplicate entry 'noticia-nova' for key 'slug'
in SYSTEMPATH\Database\MySQLi\Connection.php on line 311.
 1 SYSTEMPATH\Database\BaseConnection.php(693): CodeIgniter\Database\MySQLi\Connection->execute()
 2 SYSTEMPATH\Database\BaseConnection.php(607): CodeIgniter\Database\BaseConnection->simpleQuery()
 3 SYSTEMPATH\Database\BaseBuilder.php(2307): CodeIgniter\Database\BaseConnection->query()
 4 SYSTEMPATH\Model.php(326): CodeIgniter\Database\BaseBuilder->insert()
 5 SYSTEMPATH\BaseModel.php(802): CodeIgniter\Model->doInsert()
 6 SYSTEMPATH\Model.php(744): CodeIgniter\BaseModel->insert()
 7 SYSTEMPATH\BaseModel.php(713): CodeIgniter\Model->insert()
 8 APPPATH\Controllers\News.php(69): CodeIgniter\BaseModel->save()
 9 SYSTEMPATH\CodeIgniter.php(941): App\Controllers\News->create()
10 SYSTEMPATH\CodeIgniter.php(502): CodeIgniter\CodeIgniter->runController()
11 SYSTEMPATH\CodeIgniter.php(361): CodeIgniter\CodeIgniter->handleRequest()
12 FCPATH\index.php(79): CodeIgniter\CodeIgniter->run()
13 SYSTEMPATH\Commands\Server\rewrite.php(47): require_once('C:\\Users\\Lenovo\\OneDrive\\Área de Trabalho\\codeigniter4\\public\\index.php')
CRITICAL - 2024-03-04 16:48:03 --> [Caused by] mysqli_sql_exception: Duplicate entry 'noticia-nova' for key 'slug'
in SYSTEMPATH\Database\MySQLi\Connection.php on line 306.
 1 SYSTEMPATH\Database\MySQLi\Connection.php(306): mysqli->query()
 2 SYSTEMPATH\Database\BaseConnection.php(693): CodeIgniter\Database\MySQLi\Connection->execute()
 3 SYSTEMPATH\Database\BaseConnection.php(607): CodeIgniter\Database\BaseConnection->simpleQuery()
 4 SYSTEMPATH\Database\BaseBuilder.php(2307): CodeIgniter\Database\BaseConnection->query()
 5 SYSTEMPATH\Model.php(326): CodeIgniter\Database\BaseBuilder->insert()
 6 SYSTEMPATH\BaseModel.php(802): CodeIgniter\Model->doInsert()
 7 SYSTEMPATH\Model.php(744): CodeIgniter\BaseModel->insert()
 8 SYSTEMPATH\BaseModel.php(713): CodeIgniter\Model->insert()
 9 APPPATH\Controllers\News.php(69): CodeIgniter\BaseModel->save()
10 SYSTEMPATH\CodeIgniter.php(941): App\Controllers\News->create()
11 SYSTEMPATH\CodeIgniter.php(502): CodeIgniter\CodeIgniter->runController()
12 SYSTEMPATH\CodeIgniter.php(361): CodeIgniter\CodeIgniter->handleRequest()
13 FCPATH\index.php(79): CodeIgniter\CodeIgniter->run()
14 SYSTEMPATH\Commands\Server\rewrite.php(47): require_once('C:\\Users\\Lenovo\\OneDrive\\Área de Trabalho\\codeigniter4\\public\\index.php')
INFO - 2024-03-04 16:50:35 --> Session: Class initialized using 'CodeIgniter\Session\Handlers\FileHandler' driver.
INFO - 2024-03-04 16:50:57 --> CSRF token verified.
ERROR - 2024-03-04 16:50:57 --> mysqli_sql_exception: Duplicate entry 'noticia-nova' for key 'slug' in C:\Users\Lenovo\OneDrive\Área de Trabalho\codeigniter4\system\Database\MySQLi\Connection.php:306
Stack trace:
#0 C:\Users\Lenovo\OneDrive\Área de Trabalho\codeigniter4\system\Database\MySQLi\Connection.php(306): mysqli->query()
#1 C:\Users\Lenovo\OneDrive\Área de Trabalho\codeigniter4\system\Database\BaseConnection.php(693): CodeIgniter\Database\MySQLi\Connection->execute()
#2 C:\Users\Lenovo\OneDrive\Área de Trabalho\codeigniter4\system\Database\BaseConnection.php(607): CodeIgniter\Database\BaseConnection->simpleQuery()
#3 C:\Users\Lenovo\OneDrive\Área de Trabalho\codeigniter4\system\Database\BaseBuilder.php(2307): CodeIgniter\Database\BaseConnection->query()
#4 C:\Users\Lenovo\OneDrive\Área de Trabalho\codeigniter4\system\Model.php(326): CodeIgniter\Database\BaseBuilder->insert()
#5 C:\Users\Lenovo\OneDrive\Área de Trabalho\codeigniter4\system\BaseModel.php(802): CodeIgniter\Model->doInsert()
#6 C:\Users\Lenovo\OneDrive\Área de Trabalho\codeigniter4\system\Model.php(744): CodeIgniter\BaseModel->insert()
#7 C:\Users\Lenovo\OneDrive\Área de Trabalho\codeigniter4\system\BaseModel.php(713): CodeIgniter\Model->insert()
#8 C:\Users\Lenovo\OneDrive\Área de Trabalho\codeigniter4\app\Controllers\News.php(69): CodeIgniter\BaseModel->save()
#9 C:\Users\Lenovo\OneDrive\Área de Trabalho\codeigniter4\system\CodeIgniter.php(941): App\Controllers\News->create()
#10 C:\Users\Lenovo\OneDrive\Área de Trabalho\codeigniter4\system\CodeIgniter.php(502): CodeIgniter\CodeIgniter->runController()
#11 C:\Users\Lenovo\OneDrive\Área de Trabalho\codeigniter4\system\CodeIgniter.php(361): CodeIgniter\CodeIgniter->handleRequest()
#12 C:\Users\Lenovo\OneDrive\Área de Trabalho\codeigniter4\public\index.php(79): CodeIgniter\CodeIgniter->run()
#13 C:\Users\Lenovo\OneDrive\Área de Trabalho\codeigniter4\system\Commands\Server\rewrite.php(47): require_once('...')
#14 {main}
CRITICAL - 2024-03-04 16:50:57 --> CodeIgniter\Database\Exceptions\DatabaseException: Duplicate entry 'noticia-nova' for key 'slug'
in SYSTEMPATH\Database\BaseConnection.php on line 647.
 1 SYSTEMPATH\Database\BaseBuilder.php(2307): CodeIgniter\Database\BaseConnection->query()
 2 SYSTEMPATH\Model.php(326): CodeIgniter\Database\BaseBuilder->insert()
 3 SYSTEMPATH\BaseModel.php(802): CodeIgniter\Model->doInsert()
 4 SYSTEMPATH\Model.php(744): CodeIgniter\BaseModel->insert()
 5 SYSTEMPATH\BaseModel.php(713): CodeIgniter\Model->insert()
 6 APPPATH\Controllers\News.php(69): CodeIgniter\BaseModel->save()
 7 SYSTEMPATH\CodeIgniter.php(941): App\Controllers\News->create()
 8 SYSTEMPATH\CodeIgniter.php(502): CodeIgniter\CodeIgniter->runController()
 9 SYSTEMPATH\CodeIgniter.php(361): CodeIgniter\CodeIgniter->handleRequest()
10 FCPATH\index.php(79): CodeIgniter\CodeIgniter->run()
11 SYSTEMPATH\Commands\Server\rewrite.php(47): require_once('C:\\Users\\Lenovo\\OneDrive\\Área de Trabalho\\codeigniter4\\public\\index.php')
CRITICAL - 2024-03-04 16:50:57 --> [Caused by] CodeIgniter\Database\Exceptions\DatabaseException: Duplicate entry 'noticia-nova' for key 'slug'
in SYSTEMPATH\Database\MySQLi\Connection.php on line 311.
 1 SYSTEMPATH\Database\BaseConnection.php(693): CodeIgniter\Database\MySQLi\Connection->execute()
 2 SYSTEMPATH\Database\BaseConnection.php(607): CodeIgniter\Database\BaseConnection->simpleQuery()
 3 SYSTEMPATH\Database\BaseBuilder.php(2307): CodeIgniter\Database\BaseConnection->query()
 4 SYSTEMPATH\Model.php(326): CodeIgniter\Database\BaseBuilder->insert()
 5 SYSTEMPATH\BaseModel.php(802): CodeIgniter\Model->doInsert()
 6 SYSTEMPATH\Model.php(744): CodeIgniter\BaseModel->insert()
 7 SYSTEMPATH\BaseModel.php(713): CodeIgniter\Model->insert()
 8 APPPATH\Controllers\News.php(69): CodeIgniter\BaseModel->save()
 9 SYSTEMPATH\CodeIgniter.php(941): App\Controllers\News->create()
10 SYSTEMPATH\CodeIgniter.php(502): CodeIgniter\CodeIgniter->runController()
11 SYSTEMPATH\CodeIgniter.php(361): CodeIgniter\CodeIgniter->handleRequest()
12 FCPATH\index.php(79): CodeIgniter\CodeIgniter->run()
13 SYSTEMPATH\Commands\Server\rewrite.php(47): require_once('C:\\Users\\Lenovo\\OneDrive\\Área de Trabalho\\codeigniter4\\public\\index.php')
CRITICAL - 2024-03-04 16:50:57 --> [Caused by] mysqli_sql_exception: Duplicate entry 'noticia-nova' for key 'slug'
in SYSTEMPATH\Database\MySQLi\Connection.php on line 306.
 1 SYSTEMPATH\Database\MySQLi\Connection.php(306): mysqli->query()
 2 SYSTEMPATH\Database\BaseConnection.php(693): CodeIgniter\Database\MySQLi\Connection->execute()
 3 SYSTEMPATH\Database\BaseConnection.php(607): CodeIgniter\Database\BaseConnection->simpleQuery()
 4 SYSTEMPATH\Database\BaseBuilder.php(2307): CodeIgniter\Database\BaseConnection->query()
 5 SYSTEMPATH\Model.php(326): CodeIgniter\Database\BaseBuilder->insert()
 6 SYSTEMPATH\BaseModel.php(802): CodeIgniter\Model->doInsert()
 7 SYSTEMPATH\Model.php(744): CodeIgniter\BaseModel->insert()
 8 SYSTEMPATH\BaseModel.php(713): CodeIgniter\Model->insert()
 9 APPPATH\Controllers\News.php(69): CodeIgniter\BaseModel->save()
10 SYSTEMPATH\CodeIgniter.php(941): App\Controllers\News->create()
11 SYSTEMPATH\CodeIgniter.php(502): CodeIgniter\CodeIgniter->runController()
12 SYSTEMPATH\CodeIgniter.php(361): CodeIgniter\CodeIgniter->handleRequest()
13 FCPATH\index.php(79): CodeIgniter\CodeIgniter->run()
14 SYSTEMPATH\Commands\Server\rewrite.php(47): require_once('C:\\Users\\Lenovo\\OneDrive\\Área de Trabalho\\codeigniter4\\public\\index.php')
INFO - 2024-03-04 16:54:48 --> CSRF token verified.
ERROR - 2024-03-04 16:54:48 --> mysqli_sql_exception: Duplicate entry 'noticia-nova' for key 'slug' in C:\Users\Lenovo\OneDrive\Área de Trabalho\codeigniter4\system\Database\MySQLi\Connection.php:306
Stack trace:
#0 C:\Users\Lenovo\OneDrive\Área de Trabalho\codeigniter4\system\Database\MySQLi\Connection.php(306): mysqli->query()
#1 C:\Users\Lenovo\OneDrive\Área de Trabalho\codeigniter4\system\Database\BaseConnection.php(693): CodeIgniter\Database\MySQLi\Connection->execute()
#2 C:\Users\Lenovo\OneDrive\Área de Trabalho\codeigniter4\system\Database\BaseConnection.php(607): CodeIgniter\Database\BaseConnection->simpleQuery()
#3 C:\Users\Lenovo\OneDrive\Área de Trabalho\codeigniter4\system\Database\BaseBuilder.php(2307): CodeIgniter\Database\BaseConnection->query()
#4 C:\Users\Lenovo\OneDrive\Área de Trabalho\codeigniter4\system\Model.php(326): CodeIgniter\Database\BaseBuilder->insert()
#5 C:\Users\Lenovo\OneDrive\Área de Trabalho\codeigniter4\system\BaseModel.php(802): CodeIgniter\Model->doInsert()
#6 C:\Users\Lenovo\OneDrive\Área de Trabalho\codeigniter4\system\Model.php(744): CodeIgniter\BaseModel->insert()
#7 C:\Users\Lenovo\OneDrive\Área de Trabalho\codeigniter4\system\BaseModel.php(713): CodeIgniter\Model->insert()
#8 C:\Users\Lenovo\OneDrive\Área de Trabalho\codeigniter4\app\Controllers\News.php(69): CodeIgniter\BaseModel->save()
#9 C:\Users\Lenovo\OneDrive\Área de Trabalho\codeigniter4\system\CodeIgniter.php(941): App\Controllers\News->create()
#10 C:\Users\Lenovo\OneDrive\Área de Trabalho\codeigniter4\system\CodeIgniter.php(502): CodeIgniter\CodeIgniter->runController()
#11 C:\Users\Lenovo\OneDrive\Área de Trabalho\codeigniter4\system\CodeIgniter.php(361): CodeIgniter\CodeIgniter->handleRequest()
#12 C:\Users\Lenovo\OneDrive\Área de Trabalho\codeigniter4\public\index.php(79): CodeIgniter\CodeIgniter->run()
#13 C:\Users\Lenovo\OneDrive\Área de Trabalho\codeigniter4\system\Commands\Server\rewrite.php(47): require_once('...')
#14 {main}
CRITICAL - 2024-03-04 16:54:48 --> CodeIgniter\Database\Exceptions\DatabaseException: Duplicate entry 'noticia-nova' for key 'slug'
in SYSTEMPATH\Database\BaseConnection.php on line 647.
 1 SYSTEMPATH\Database\BaseBuilder.php(2307): CodeIgniter\Database\BaseConnection->query()
 2 SYSTEMPATH\Model.php(326): CodeIgniter\Database\BaseBuilder->insert()
 3 SYSTEMPATH\BaseModel.php(802): CodeIgniter\Model->doInsert()
 4 SYSTEMPATH\Model.php(744): CodeIgniter\BaseModel->insert()
 5 SYSTEMPATH\BaseModel.php(713): CodeIgniter\Model->insert()
 6 APPPATH\Controllers\News.php(69): CodeIgniter\BaseModel->save()
 7 SYSTEMPATH\CodeIgniter.php(941): App\Controllers\News->create()
 8 SYSTEMPATH\CodeIgniter.php(502): CodeIgniter\CodeIgniter->runController()
 9 SYSTEMPATH\CodeIgniter.php(361): CodeIgniter\CodeIgniter->handleRequest()
10 FCPATH\index.php(79): CodeIgniter\CodeIgniter->run()
11 SYSTEMPATH\Commands\Server\rewrite.php(47): require_once('C:\\Users\\Lenovo\\OneDrive\\Área de Trabalho\\codeigniter4\\public\\index.php')
CRITICAL - 2024-03-04 16:54:48 --> [Caused by] CodeIgniter\Database\Exceptions\DatabaseException: Duplicate entry 'noticia-nova' for key 'slug'
in SYSTEMPATH\Database\MySQLi\Connection.php on line 311.
 1 SYSTEMPATH\Database\BaseConnection.php(693): CodeIgniter\Database\MySQLi\Connection->execute()
 2 SYSTEMPATH\Database\BaseConnection.php(607): CodeIgniter\Database\BaseConnection->simpleQuery()
 3 SYSTEMPATH\Database\BaseBuilder.php(2307): CodeIgniter\Database\BaseConnection->query()
 4 SYSTEMPATH\Model.php(326): CodeIgniter\Database\BaseBuilder->insert()
 5 SYSTEMPATH\BaseModel.php(802): CodeIgniter\Model->doInsert()
 6 SYSTEMPATH\Model.php(744): CodeIgniter\BaseModel->insert()
 7 SYSTEMPATH\BaseModel.php(713): CodeIgniter\Model->insert()
 8 APPPATH\Controllers\News.php(69): CodeIgniter\BaseModel->save()
 9 SYSTEMPATH\CodeIgniter.php(941): App\Controllers\News->create()
10 SYSTEMPATH\CodeIgniter.php(502): CodeIgniter\CodeIgniter->runController()
11 SYSTEMPATH\CodeIgniter.php(361): CodeIgniter\CodeIgniter->handleRequest()
12 FCPATH\index.php(79): CodeIgniter\CodeIgniter->run()
13 SYSTEMPATH\Commands\Server\rewrite.php(47): require_once('C:\\Users\\Lenovo\\OneDrive\\Área de Trabalho\\codeigniter4\\public\\index.php')
CRITICAL - 2024-03-04 16:54:48 --> [Caused by] mysqli_sql_exception: Duplicate entry 'noticia-nova' for key 'slug'
in SYSTEMPATH\Database\MySQLi\Connection.php on line 306.
 1 SYSTEMPATH\Database\MySQLi\Connection.php(306): mysqli->query()
 2 SYSTEMPATH\Database\BaseConnection.php(693): CodeIgniter\Database\MySQLi\Connection->execute()
 3 SYSTEMPATH\Database\BaseConnection.php(607): CodeIgniter\Database\BaseConnection->simpleQuery()
 4 SYSTEMPATH\Database\BaseBuilder.php(2307): CodeIgniter\Database\BaseConnection->query()
 5 SYSTEMPATH\Model.php(326): CodeIgniter\Database\BaseBuilder->insert()
 6 SYSTEMPATH\BaseModel.php(802): CodeIgniter\Model->doInsert()
 7 SYSTEMPATH\Model.php(744): CodeIgniter\BaseModel->insert()
 8 SYSTEMPATH\BaseModel.php(713): CodeIgniter\Model->insert()
 9 APPPATH\Controllers\News.php(69): CodeIgniter\BaseModel->save()
10 SYSTEMPATH\CodeIgniter.php(941): App\Controllers\News->create()
11 SYSTEMPATH\CodeIgniter.php(502): CodeIgniter\CodeIgniter->runController()
12 SYSTEMPATH\CodeIgniter.php(361): CodeIgniter\CodeIgniter->handleRequest()
13 FCPATH\index.php(79): CodeIgniter\CodeIgniter->run()
14 SYSTEMPATH\Commands\Server\rewrite.php(47): require_once('C:\\Users\\Lenovo\\OneDrive\\Área de Trabalho\\codeigniter4\\public\\index.php')
INFO - 2024-03-04 16:55:01 --> CSRF token verified.
ERROR - 2024-03-04 16:55:01 --> mysqli_sql_exception: Duplicate entry 'noticia-nova' for key 'slug' in C:\Users\Lenovo\OneDrive\Área de Trabalho\codeigniter4\system\Database\MySQLi\Connection.php:306
Stack trace:
#0 C:\Users\Lenovo\OneDrive\Área de Trabalho\codeigniter4\system\Database\MySQLi\Connection.php(306): mysqli->query()
#1 C:\Users\Lenovo\OneDrive\Área de Trabalho\codeigniter4\system\Database\BaseConnection.php(693): CodeIgniter\Database\MySQLi\Connection->execute()
#2 C:\Users\Lenovo\OneDrive\Área de Trabalho\codeigniter4\system\Database\BaseConnection.php(607): CodeIgniter\Database\BaseConnection->simpleQuery()
#3 C:\Users\Lenovo\OneDrive\Área de Trabalho\codeigniter4\system\Database\BaseBuilder.php(2307): CodeIgniter\Database\BaseConnection->query()
#4 C:\Users\Lenovo\OneDrive\Área de Trabalho\codeigniter4\system\Model.php(326): CodeIgniter\Database\BaseBuilder->insert()
#5 C:\Users\Lenovo\OneDrive\Área de Trabalho\codeigniter4\system\BaseModel.php(802): CodeIgniter\Model->doInsert()
#6 C:\Users\Lenovo\OneDrive\Área de Trabalho\codeigniter4\system\Model.php(744): CodeIgniter\BaseModel->insert()
#7 C:\Users\Lenovo\OneDrive\Área de Trabalho\codeigniter4\system\BaseModel.php(713): CodeIgniter\Model->insert()
#8 C:\Users\Lenovo\OneDrive\Área de Trabalho\codeigniter4\app\Controllers\News.php(69): CodeIgniter\BaseModel->save()
#9 C:\Users\Lenovo\OneDrive\Área de Trabalho\codeigniter4\system\CodeIgniter.php(941): App\Controllers\News->create()
#10 C:\Users\Lenovo\OneDrive\Área de Trabalho\codeigniter4\system\CodeIgniter.php(502): CodeIgniter\CodeIgniter->runController()
#11 C:\Users\Lenovo\OneDrive\Área de Trabalho\codeigniter4\system\CodeIgniter.php(361): CodeIgniter\CodeIgniter->handleRequest()
#12 C:\Users\Lenovo\OneDrive\Área de Trabalho\codeigniter4\public\index.php(79): CodeIgniter\CodeIgniter->run()
#13 C:\Users\Lenovo\OneDrive\Área de Trabalho\codeigniter4\system\Commands\Server\rewrite.php(47): require_once('...')
#14 {main}
CRITICAL - 2024-03-04 16:55:01 --> CodeIgniter\Database\Exceptions\DatabaseException: Duplicate entry 'noticia-nova' for key 'slug'
in SYSTEMPATH\Database\BaseConnection.php on line 647.
 1 SYSTEMPATH\Database\BaseBuilder.php(2307): CodeIgniter\Database\BaseConnection->query()
 2 SYSTEMPATH\Model.php(326): CodeIgniter\Database\BaseBuilder->insert()
 3 SYSTEMPATH\BaseModel.php(802): CodeIgniter\Model->doInsert()
 4 SYSTEMPATH\Model.php(744): CodeIgniter\BaseModel->insert()
 5 SYSTEMPATH\BaseModel.php(713): CodeIgniter\Model->insert()
 6 APPPATH\Controllers\News.php(69): CodeIgniter\BaseModel->save()
 7 SYSTEMPATH\CodeIgniter.php(941): App\Controllers\News->create()
 8 SYSTEMPATH\CodeIgniter.php(502): CodeIgniter\CodeIgniter->runController()
 9 SYSTEMPATH\CodeIgniter.php(361): CodeIgniter\CodeIgniter->handleRequest()
10 FCPATH\index.php(79): CodeIgniter\CodeIgniter->run()
11 SYSTEMPATH\Commands\Server\rewrite.php(47): require_once('C:\\Users\\Lenovo\\OneDrive\\Área de Trabalho\\codeigniter4\\public\\index.php')
CRITICAL - 2024-03-04 16:55:01 --> [Caused by] CodeIgniter\Database\Exceptions\DatabaseException: Duplicate entry 'noticia-nova' for key 'slug'
in SYSTEMPATH\Database\MySQLi\Connection.php on line 311.
 1 SYSTEMPATH\Database\BaseConnection.php(693): CodeIgniter\Database\MySQLi\Connection->execute()
 2 SYSTEMPATH\Database\BaseConnection.php(607): CodeIgniter\Database\BaseConnection->simpleQuery()
 3 SYSTEMPATH\Database\BaseBuilder.php(2307): CodeIgniter\Database\BaseConnection->query()
 4 SYSTEMPATH\Model.php(326): CodeIgniter\Database\BaseBuilder->insert()
 5 SYSTEMPATH\BaseModel.php(802): CodeIgniter\Model->doInsert()
 6 SYSTEMPATH\Model.php(744): CodeIgniter\BaseModel->insert()
 7 SYSTEMPATH\BaseModel.php(713): CodeIgniter\Model->insert()
 8 APPPATH\Controllers\News.php(69): CodeIgniter\BaseModel->save()
 9 SYSTEMPATH\CodeIgniter.php(941): App\Controllers\News->create()
10 SYSTEMPATH\CodeIgniter.php(502): CodeIgniter\CodeIgniter->runController()
11 SYSTEMPATH\CodeIgniter.php(361): CodeIgniter\CodeIgniter->handleRequest()
12 FCPATH\index.php(79): CodeIgniter\CodeIgniter->run()
13 SYSTEMPATH\Commands\Server\rewrite.php(47): require_once('C:\\Users\\Lenovo\\OneDrive\\Área de Trabalho\\codeigniter4\\public\\index.php')
CRITICAL - 2024-03-04 16:55:01 --> [Caused by] mysqli_sql_exception: Duplicate entry 'noticia-nova' for key 'slug'
in SYSTEMPATH\Database\MySQLi\Connection.php on line 306.
 1 SYSTEMPATH\Database\MySQLi\Connection.php(306): mysqli->query()
 2 SYSTEMPATH\Database\BaseConnection.php(693): CodeIgniter\Database\MySQLi\Connection->execute()
 3 SYSTEMPATH\Database\BaseConnection.php(607): CodeIgniter\Database\BaseConnection->simpleQuery()
 4 SYSTEMPATH\Database\BaseBuilder.php(2307): CodeIgniter\Database\BaseConnection->query()
 5 SYSTEMPATH\Model.php(326): CodeIgniter\Database\BaseBuilder->insert()
 6 SYSTEMPATH\BaseModel.php(802): CodeIgniter\Model->doInsert()
 7 SYSTEMPATH\Model.php(744): CodeIgniter\BaseModel->insert()
 8 SYSTEMPATH\BaseModel.php(713): CodeIgniter\Model->insert()
 9 APPPATH\Controllers\News.php(69): CodeIgniter\BaseModel->save()
10 SYSTEMPATH\CodeIgniter.php(941): App\Controllers\News->create()
11 SYSTEMPATH\CodeIgniter.php(502): CodeIgniter\CodeIgniter->runController()
12 SYSTEMPATH\CodeIgniter.php(361): CodeIgniter\CodeIgniter->handleRequest()
13 FCPATH\index.php(79): CodeIgniter\CodeIgniter->run()
14 SYSTEMPATH\Commands\Server\rewrite.php(47): require_once('C:\\Users\\Lenovo\\OneDrive\\Área de Trabalho\\codeigniter4\\public\\index.php')
INFO - 2024-03-04 16:55:08 --> CSRF token verified.
ERROR - 2024-03-04 16:55:08 --> mysqli_sql_exception: Duplicate entry 'noticia-nova' for key 'slug' in C:\Users\Lenovo\OneDrive\Área de Trabalho\codeigniter4\system\Database\MySQLi\Connection.php:306
Stack trace:
#0 C:\Users\Lenovo\OneDrive\Área de Trabalho\codeigniter4\system\Database\MySQLi\Connection.php(306): mysqli->query()
#1 C:\Users\Lenovo\OneDrive\Área de Trabalho\codeigniter4\system\Database\BaseConnection.php(693): CodeIgniter\Database\MySQLi\Connection->execute()
#2 C:\Users\Lenovo\OneDrive\Área de Trabalho\codeigniter4\system\Database\BaseConnection.php(607): CodeIgniter\Database\BaseConnection->simpleQuery()
#3 C:\Users\Lenovo\OneDrive\Área de Trabalho\codeigniter4\system\Database\BaseBuilder.php(2307): CodeIgniter\Database\BaseConnection->query()
#4 C:\Users\Lenovo\OneDrive\Área de Trabalho\codeigniter4\system\Model.php(326): CodeIgniter\Database\BaseBuilder->insert()
#5 C:\Users\Lenovo\OneDrive\Área de Trabalho\codeigniter4\system\BaseModel.php(802): CodeIgniter\Model->doInsert()
#6 C:\Users\Lenovo\OneDrive\Área de Trabalho\codeigniter4\system\Model.php(744): CodeIgniter\BaseModel->insert()
#7 C:\Users\Lenovo\OneDrive\Área de Trabalho\codeigniter4\system\BaseModel.php(713): CodeIgniter\Model->insert()
#8 C:\Users\Lenovo\OneDrive\Área de Trabalho\codeigniter4\app\Controllers\News.php(69): CodeIgniter\BaseModel->save()
#9 C:\Users\Lenovo\OneDrive\Área de Trabalho\codeigniter4\system\CodeIgniter.php(941): App\Controllers\News->create()
#10 C:\Users\Lenovo\OneDrive\Área de Trabalho\codeigniter4\system\CodeIgniter.php(502): CodeIgniter\CodeIgniter->runController()
#11 C:\Users\Lenovo\OneDrive\Área de Trabalho\codeigniter4\system\CodeIgniter.php(361): CodeIgniter\CodeIgniter->handleRequest()
#12 C:\Users\Lenovo\OneDrive\Área de Trabalho\codeigniter4\public\index.php(79): CodeIgniter\CodeIgniter->run()
#13 C:\Users\Lenovo\OneDrive\Área de Trabalho\codeigniter4\system\Commands\Server\rewrite.php(47): require_once('...')
#14 {main}
CRITICAL - 2024-03-04 16:55:08 --> CodeIgniter\Database\Exceptions\DatabaseException: Duplicate entry 'noticia-nova' for key 'slug'
in SYSTEMPATH\Database\BaseConnection.php on line 647.
 1 SYSTEMPATH\Database\BaseBuilder.php(2307): CodeIgniter\Database\BaseConnection->query()
 2 SYSTEMPATH\Model.php(326): CodeIgniter\Database\BaseBuilder->insert()
 3 SYSTEMPATH\BaseModel.php(802): CodeIgniter\Model->doInsert()
 4 SYSTEMPATH\Model.php(744): CodeIgniter\BaseModel->insert()
 5 SYSTEMPATH\BaseModel.php(713): CodeIgniter\Model->insert()
 6 APPPATH\Controllers\News.php(69): CodeIgniter\BaseModel->save()
 7 SYSTEMPATH\CodeIgniter.php(941): App\Controllers\News->create()
 8 SYSTEMPATH\CodeIgniter.php(502): CodeIgniter\CodeIgniter->runController()
 9 SYSTEMPATH\CodeIgniter.php(361): CodeIgniter\CodeIgniter->handleRequest()
10 FCPATH\index.php(79): CodeIgniter\CodeIgniter->run()
11 SYSTEMPATH\Commands\Server\rewrite.php(47): require_once('C:\\Users\\Lenovo\\OneDrive\\Área de Trabalho\\codeigniter4\\public\\index.php')
CRITICAL - 2024-03-04 16:55:08 --> [Caused by] CodeIgniter\Database\Exceptions\DatabaseException: Duplicate entry 'noticia-nova' for key 'slug'
in SYSTEMPATH\Database\MySQLi\Connection.php on line 311.
 1 SYSTEMPATH\Database\BaseConnection.php(693): CodeIgniter\Database\MySQLi\Connection->execute()
 2 SYSTEMPATH\Database\BaseConnection.php(607): CodeIgniter\Database\BaseConnection->simpleQuery()
 3 SYSTEMPATH\Database\BaseBuilder.php(2307): CodeIgniter\Database\BaseConnection->query()
 4 SYSTEMPATH\Model.php(326): CodeIgniter\Database\BaseBuilder->insert()
 5 SYSTEMPATH\BaseModel.php(802): CodeIgniter\Model->doInsert()
 6 SYSTEMPATH\Model.php(744): CodeIgniter\BaseModel->insert()
 7 SYSTEMPATH\BaseModel.php(713): CodeIgniter\Model->insert()
 8 APPPATH\Controllers\News.php(69): CodeIgniter\BaseModel->save()
 9 SYSTEMPATH\CodeIgniter.php(941): App\Controllers\News->create()
10 SYSTEMPATH\CodeIgniter.php(502): CodeIgniter\CodeIgniter->runController()
11 SYSTEMPATH\CodeIgniter.php(361): CodeIgniter\CodeIgniter->handleRequest()
12 FCPATH\index.php(79): CodeIgniter\CodeIgniter->run()
13 SYSTEMPATH\Commands\Server\rewrite.php(47): require_once('C:\\Users\\Lenovo\\OneDrive\\Área de Trabalho\\codeigniter4\\public\\index.php')
CRITICAL - 2024-03-04 16:55:08 --> [Caused by] mysqli_sql_exception: Duplicate entry 'noticia-nova' for key 'slug'
in SYSTEMPATH\Database\MySQLi\Connection.php on line 306.
 1 SYSTEMPATH\Database\MySQLi\Connection.php(306): mysqli->query()
 2 SYSTEMPATH\Database\BaseConnection.php(693): CodeIgniter\Database\MySQLi\Connection->execute()
 3 SYSTEMPATH\Database\BaseConnection.php(607): CodeIgniter\Database\BaseConnection->simpleQuery()
 4 SYSTEMPATH\Database\BaseBuilder.php(2307): CodeIgniter\Database\BaseConnection->query()
 5 SYSTEMPATH\Model.php(326): CodeIgniter\Database\BaseBuilder->insert()
 6 SYSTEMPATH\BaseModel.php(802): CodeIgniter\Model->doInsert()
 7 SYSTEMPATH\Model.php(744): CodeIgniter\BaseModel->insert()
 8 SYSTEMPATH\BaseModel.php(713): CodeIgniter\Model->insert()
 9 APPPATH\Controllers\News.php(69): CodeIgniter\BaseModel->save()
10 SYSTEMPATH\CodeIgniter.php(941): App\Controllers\News->create()
11 SYSTEMPATH\CodeIgniter.php(502): CodeIgniter\CodeIgniter->runController()
12 SYSTEMPATH\CodeIgniter.php(361): CodeIgniter\CodeIgniter->handleRequest()
13 FCPATH\index.php(79): CodeIgniter\CodeIgniter->run()
14 SYSTEMPATH\Commands\Server\rewrite.php(47): require_once('C:\\Users\\Lenovo\\OneDrive\\Área de Trabalho\\codeigniter4\\public\\index.php')
INFO - 2024-03-04 16:56:16 --> CSRF token verified.
CRITICAL - 2024-03-04 16:56:16 --> CodeIgniter\Database\Exceptions\DataException: Allowed fields must be specified for model: "App\Models\NewsModel"
in SYSTEMPATH\Model.php on line 766.
 1 SYSTEMPATH\Model.php(766): CodeIgniter\Database\Exceptions\DataException::forInvalidAllowedFields()
 2 SYSTEMPATH\BaseModel.php(783): CodeIgniter\Model->doProtectFieldsForInsert()
 3 SYSTEMPATH\Model.php(744): CodeIgniter\BaseModel->insert()
 4 SYSTEMPATH\BaseModel.php(713): CodeIgniter\Model->insert()
 5 APPPATH\Controllers\News.php(69): CodeIgniter\BaseModel->save()
 6 SYSTEMPATH\CodeIgniter.php(941): App\Controllers\News->create()
 7 SYSTEMPATH\CodeIgniter.php(502): CodeIgniter\CodeIgniter->runController()
 8 SYSTEMPATH\CodeIgniter.php(361): CodeIgniter\CodeIgniter->handleRequest()
 9 FCPATH\index.php(79): CodeIgniter\CodeIgniter->run()
10 SYSTEMPATH\Commands\Server\rewrite.php(47): require_once('C:\\Users\\Lenovo\\OneDrive\\Área de Trabalho\\codeigniter4\\public\\index.php')
INFO - 2024-03-04 16:56:46 --> CSRF token verified.
ERROR - 2024-03-04 16:56:46 --> mysqli_sql_exception: Duplicate entry 'noticia-nova' for key 'slug' in C:\Users\Lenovo\OneDrive\Área de Trabalho\codeigniter4\system\Database\MySQLi\Connection.php:306
Stack trace:
#0 C:\Users\Lenovo\OneDrive\Área de Trabalho\codeigniter4\system\Database\MySQLi\Connection.php(306): mysqli->query()
#1 C:\Users\Lenovo\OneDrive\Área de Trabalho\codeigniter4\system\Database\BaseConnection.php(693): CodeIgniter\Database\MySQLi\Connection->execute()
#2 C:\Users\Lenovo\OneDrive\Área de Trabalho\codeigniter4\system\Database\BaseConnection.php(607): CodeIgniter\Database\BaseConnection->simpleQuery()
#3 C:\Users\Lenovo\OneDrive\Área de Trabalho\codeigniter4\system\Database\BaseBuilder.php(2307): CodeIgniter\Database\BaseConnection->query()
#4 C:\Users\Lenovo\OneDrive\Área de Trabalho\codeigniter4\system\Model.php(326): CodeIgniter\Database\BaseBuilder->insert()
#5 C:\Users\Lenovo\OneDrive\Área de Trabalho\codeigniter4\system\BaseModel.php(802): CodeIgniter\Model->doInsert()
#6 C:\Users\Lenovo\OneDrive\Área de Trabalho\codeigniter4\system\Model.php(744): CodeIgniter\BaseModel->insert()
#7 C:\Users\Lenovo\OneDrive\Área de Trabalho\codeigniter4\system\BaseModel.php(713): CodeIgniter\Model->insert()
#8 C:\Users\Lenovo\OneDrive\Área de Trabalho\codeigniter4\app\Controllers\News.php(69): CodeIgniter\BaseModel->save()
#9 C:\Users\Lenovo\OneDrive\Área de Trabalho\codeigniter4\system\CodeIgniter.php(941): App\Controllers\News->create()
#10 C:\Users\Lenovo\OneDrive\Área de Trabalho\codeigniter4\system\CodeIgniter.php(502): CodeIgniter\CodeIgniter->runController()
#11 C:\Users\Lenovo\OneDrive\Área de Trabalho\codeigniter4\system\CodeIgniter.php(361): CodeIgniter\CodeIgniter->handleRequest()
#12 C:\Users\Lenovo\OneDrive\Área de Trabalho\codeigniter4\public\index.php(79): CodeIgniter\CodeIgniter->run()
#13 C:\Users\Lenovo\OneDrive\Área de Trabalho\codeigniter4\system\Commands\Server\rewrite.php(47): require_once('...')
#14 {main}
CRITICAL - 2024-03-04 16:56:46 --> CodeIgniter\Database\Exceptions\DatabaseException: Duplicate entry 'noticia-nova' for key 'slug'
in SYSTEMPATH\Database\BaseConnection.php on line 647.
 1 SYSTEMPATH\Database\BaseBuilder.php(2307): CodeIgniter\Database\BaseConnection->query()
 2 SYSTEMPATH\Model.php(326): CodeIgniter\Database\BaseBuilder->insert()
 3 SYSTEMPATH\BaseModel.php(802): CodeIgniter\Model->doInsert()
 4 SYSTEMPATH\Model.php(744): CodeIgniter\BaseModel->insert()
 5 SYSTEMPATH\BaseModel.php(713): CodeIgniter\Model->insert()
 6 APPPATH\Controllers\News.php(69): CodeIgniter\BaseModel->save()
 7 SYSTEMPATH\CodeIgniter.php(941): App\Controllers\News->create()
 8 SYSTEMPATH\CodeIgniter.php(502): CodeIgniter\CodeIgniter->runController()
 9 SYSTEMPATH\CodeIgniter.php(361): CodeIgniter\CodeIgniter->handleRequest()
10 FCPATH\index.php(79): CodeIgniter\CodeIgniter->run()
11 SYSTEMPATH\Commands\Server\rewrite.php(47): require_once('C:\\Users\\Lenovo\\OneDrive\\Área de Trabalho\\codeigniter4\\public\\index.php')
CRITICAL - 2024-03-04 16:56:46 --> [Caused by] CodeIgniter\Database\Exceptions\DatabaseException: Duplicate entry 'noticia-nova' for key 'slug'
in SYSTEMPATH\Database\MySQLi\Connection.php on line 311.
 1 SYSTEMPATH\Database\BaseConnection.php(693): CodeIgniter\Database\MySQLi\Connection->execute()
 2 SYSTEMPATH\Database\BaseConnection.php(607): CodeIgniter\Database\BaseConnection->simpleQuery()
 3 SYSTEMPATH\Database\BaseBuilder.php(2307): CodeIgniter\Database\BaseConnection->query()
 4 SYSTEMPATH\Model.php(326): CodeIgniter\Database\BaseBuilder->insert()
 5 SYSTEMPATH\BaseModel.php(802): CodeIgniter\Model->doInsert()
 6 SYSTEMPATH\Model.php(744): CodeIgniter\BaseModel->insert()
 7 SYSTEMPATH\BaseModel.php(713): CodeIgniter\Model->insert()
 8 APPPATH\Controllers\News.php(69): CodeIgniter\BaseModel->save()
 9 SYSTEMPATH\CodeIgniter.php(941): App\Controllers\News->create()
10 SYSTEMPATH\CodeIgniter.php(502): CodeIgniter\CodeIgniter->runController()
11 SYSTEMPATH\CodeIgniter.php(361): CodeIgniter\CodeIgniter->handleRequest()
12 FCPATH\index.php(79): CodeIgniter\CodeIgniter->run()
13 SYSTEMPATH\Commands\Server\rewrite.php(47): require_once('C:\\Users\\Lenovo\\OneDrive\\Área de Trabalho\\codeigniter4\\public\\index.php')
CRITICAL - 2024-03-04 16:56:46 --> [Caused by] mysqli_sql_exception: Duplicate entry 'noticia-nova' for key 'slug'
in SYSTEMPATH\Database\MySQLi\Connection.php on line 306.
 1 SYSTEMPATH\Database\MySQLi\Connection.php(306): mysqli->query()
 2 SYSTEMPATH\Database\BaseConnection.php(693): CodeIgniter\Database\MySQLi\Connection->execute()
 3 SYSTEMPATH\Database\BaseConnection.php(607): CodeIgniter\Database\BaseConnection->simpleQuery()
 4 SYSTEMPATH\Database\BaseBuilder.php(2307): CodeIgniter\Database\BaseConnection->query()
 5 SYSTEMPATH\Model.php(326): CodeIgniter\Database\BaseBuilder->insert()
 6 SYSTEMPATH\BaseModel.php(802): CodeIgniter\Model->doInsert()
 7 SYSTEMPATH\Model.php(744): CodeIgniter\BaseModel->insert()
 8 SYSTEMPATH\BaseModel.php(713): CodeIgniter\Model->insert()
 9 APPPATH\Controllers\News.php(69): CodeIgniter\BaseModel->save()
10 SYSTEMPATH\CodeIgniter.php(941): App\Controllers\News->create()
11 SYSTEMPATH\CodeIgniter.php(502): CodeIgniter\CodeIgniter->runController()
12 SYSTEMPATH\CodeIgniter.php(361): CodeIgniter\CodeIgniter->handleRequest()
13 FCPATH\index.php(79): CodeIgniter\CodeIgniter->run()
14 SYSTEMPATH\Commands\Server\rewrite.php(47): require_once('C:\\Users\\Lenovo\\OneDrive\\Área de Trabalho\\codeigniter4\\public\\index.php')
INFO - 2024-03-04 16:58:54 --> Session: Class initialized using 'CodeIgniter\Session\Handlers\FileHandler' driver.
INFO - 2024-03-04 16:59:01 --> CSRF token verified.
CRITICAL - 2024-03-04 17:00:07 --> BadMethodCallException: Call to undefined method App\Models\NewsModel::getNews
in SYSTEMPATH\Model.php on line 874.
 1 APPPATH\Controllers\News.php(16): CodeIgniter\Model->__call()
 2 SYSTEMPATH\CodeIgniter.php(941): App\Controllers\News->index()
 3 SYSTEMPATH\CodeIgniter.php(502): CodeIgniter\CodeIgniter->runController()
 4 SYSTEMPATH\CodeIgniter.php(361): CodeIgniter\CodeIgniter->handleRequest()
 5 FCPATH\index.php(79): CodeIgniter\CodeIgniter->run()
 6 SYSTEMPATH\Commands\Server\rewrite.php(47): require_once('C:\\Users\\Lenovo\\OneDrive\\Área de Trabalho\\codeigniter4\\public\\index.php')
CRITICAL - 2024-03-04 17:00:08 --> BadMethodCallException: Call to undefined method App\Models\NewsModel::getNews
in SYSTEMPATH\Model.php on line 874.
 1 APPPATH\Controllers\News.php(16): CodeIgniter\Model->__call()
 2 SYSTEMPATH\CodeIgniter.php(941): App\Controllers\News->index()
 3 SYSTEMPATH\CodeIgniter.php(502): CodeIgniter\CodeIgniter->runController()
 4 SYSTEMPATH\CodeIgniter.php(361): CodeIgniter\CodeIgniter->handleRequest()
 5 FCPATH\index.php(79): CodeIgniter\CodeIgniter->run()
 6 SYSTEMPATH\Commands\Server\rewrite.php(47): require_once('C:\\Users\\Lenovo\\OneDrive\\Área de Trabalho\\codeigniter4\\public\\index.php')
INFO - 2024-03-04 17:00:19 --> Session: Class initialized using 'CodeIgniter\Session\Handlers\FileHandler' driver.
CRITICAL - 2024-03-04 17:00:32 --> BadMethodCallException: Call to undefined method App\Models\NewsModel::getNews
in SYSTEMPATH\Model.php on line 874.
 1 APPPATH\Controllers\News.php(16): CodeIgniter\Model->__call()
 2 SYSTEMPATH\CodeIgniter.php(941): App\Controllers\News->index()
 3 SYSTEMPATH\CodeIgniter.php(502): CodeIgniter\CodeIgniter->runController()
 4 SYSTEMPATH\CodeIgniter.php(361): CodeIgniter\CodeIgniter->handleRequest()
 5 FCPATH\index.php(79): CodeIgniter\CodeIgniter->run()
 6 SYSTEMPATH\Commands\Server\rewrite.php(47): require_once('C:\\Users\\Lenovo\\OneDrive\\Área de Trabalho\\codeigniter4\\public\\index.php')
CRITICAL - 2024-03-04 17:00:47 --> BadMethodCallException: Call to undefined method App\Models\NewsModel::getNews
in SYSTEMPATH\Model.php on line 874.
 1 APPPATH\Controllers\News.php(16): CodeIgniter\Model->__call()
 2 SYSTEMPATH\CodeIgniter.php(941): App\Controllers\News->index()
 3 SYSTEMPATH\CodeIgniter.php(502): CodeIgniter\CodeIgniter->runController()
 4 SYSTEMPATH\CodeIgniter.php(361): CodeIgniter\CodeIgniter->handleRequest()
 5 FCPATH\index.php(79): CodeIgniter\CodeIgniter->run()
 6 SYSTEMPATH\Commands\Server\rewrite.php(47): require_once('C:\\Users\\Lenovo\\OneDrive\\Área de Trabalho\\codeigniter4\\public\\index.php')
CRITICAL - 2024-03-04 17:00:48 --> BadMethodCallException: Call to undefined method App\Models\NewsModel::getNews
in SYSTEMPATH\Model.php on line 874.
 1 APPPATH\Controllers\News.php(16): CodeIgniter\Model->__call()
 2 SYSTEMPATH\CodeIgniter.php(941): App\Controllers\News->index()
 3 SYSTEMPATH\CodeIgniter.php(502): CodeIgniter\CodeIgniter->runController()
 4 SYSTEMPATH\CodeIgniter.php(361): CodeIgniter\CodeIgniter->handleRequest()
 5 FCPATH\index.php(79): CodeIgniter\CodeIgniter->run()
 6 SYSTEMPATH\Commands\Server\rewrite.php(47): require_once('C:\\Users\\Lenovo\\OneDrive\\Área de Trabalho\\codeigniter4\\public\\index.php')
ERROR - 2024-03-04 17:04:39 --> mysqli_sql_exception: Duplicate entry 'noticia-nova' for key 'slug' in C:\Users\Lenovo\OneDrive\Área de Trabalho\codeigniter4\system\Database\MySQLi\Connection.php:306
Stack trace:
#0 C:\Users\Lenovo\OneDrive\Área de Trabalho\codeigniter4\system\Database\MySQLi\Connection.php(306): mysqli->query()
#1 C:\Users\Lenovo\OneDrive\Área de Trabalho\codeigniter4\system\Database\BaseConnection.php(693): CodeIgniter\Database\MySQLi\Connection->execute()
#2 C:\Users\Lenovo\OneDrive\Área de Trabalho\codeigniter4\system\Database\BaseConnection.php(607): CodeIgniter\Database\BaseConnection->simpleQuery()
#3 C:\Users\Lenovo\OneDrive\Área de Trabalho\codeigniter4\system\Database\BaseBuilder.php(2307): CodeIgniter\Database\BaseConnection->query()
#4 C:\Users\Lenovo\OneDrive\Área de Trabalho\codeigniter4\system\Model.php(326): CodeIgniter\Database\BaseBuilder->insert()
#5 C:\Users\Lenovo\OneDrive\Área de Trabalho\codeigniter4\system\BaseModel.php(802): CodeIgniter\Model->doInsert()
#6 C:\Users\Lenovo\OneDrive\Área de Trabalho\codeigniter4\system\Model.php(744): CodeIgniter\BaseModel->insert()
#7 C:\Users\Lenovo\OneDrive\Área de Trabalho\codeigniter4\system\BaseModel.php(713): CodeIgniter\Model->insert()
#8 C:\Users\Lenovo\OneDrive\Área de Trabalho\codeigniter4\app\Controllers\News.php(69): CodeIgniter\BaseModel->save()
#9 C:\Users\Lenovo\OneDrive\Área de Trabalho\codeigniter4\system\CodeIgniter.php(941): App\Controllers\News->create()
#10 C:\Users\Lenovo\OneDrive\Área de Trabalho\codeigniter4\system\CodeIgniter.php(502): CodeIgniter\CodeIgniter->runController()
#11 C:\Users\Lenovo\OneDrive\Área de Trabalho\codeigniter4\system\CodeIgniter.php(361): CodeIgniter\CodeIgniter->handleRequest()
#12 C:\Users\Lenovo\OneDrive\Área de Trabalho\codeigniter4\public\index.php(79): CodeIgniter\CodeIgniter->run()
#13 C:\Users\Lenovo\OneDrive\Área de Trabalho\codeigniter4\system\Commands\Server\rewrite.php(47): require_once('...')
#14 {main}
CRITICAL - 2024-03-04 17:04:39 --> CodeIgniter\Database\Exceptions\DatabaseException: Duplicate entry 'noticia-nova' for key 'slug'
in SYSTEMPATH\Database\BaseConnection.php on line 647.
 1 SYSTEMPATH\Database\BaseBuilder.php(2307): CodeIgniter\Database\BaseConnection->query()
 2 SYSTEMPATH\Model.php(326): CodeIgniter\Database\BaseBuilder->insert()
 3 SYSTEMPATH\BaseModel.php(802): CodeIgniter\Model->doInsert()
 4 SYSTEMPATH\Model.php(744): CodeIgniter\BaseModel->insert()
 5 SYSTEMPATH\BaseModel.php(713): CodeIgniter\Model->insert()
 6 APPPATH\Controllers\News.php(69): CodeIgniter\BaseModel->save()
 7 SYSTEMPATH\CodeIgniter.php(941): App\Controllers\News->create()
 8 SYSTEMPATH\CodeIgniter.php(502): CodeIgniter\CodeIgniter->runController()
 9 SYSTEMPATH\CodeIgniter.php(361): CodeIgniter\CodeIgniter->handleRequest()
10 FCPATH\index.php(79): CodeIgniter\CodeIgniter->run()
11 SYSTEMPATH\Commands\Server\rewrite.php(47): require_once('C:\\Users\\Lenovo\\OneDrive\\Área de Trabalho\\codeigniter4\\public\\index.php')
CRITICAL - 2024-03-04 17:04:39 --> [Caused by] CodeIgniter\Database\Exceptions\DatabaseException: Duplicate entry 'noticia-nova' for key 'slug'
in SYSTEMPATH\Database\MySQLi\Connection.php on line 311.
 1 SYSTEMPATH\Database\BaseConnection.php(693): CodeIgniter\Database\MySQLi\Connection->execute()
 2 SYSTEMPATH\Database\BaseConnection.php(607): CodeIgniter\Database\BaseConnection->simpleQuery()
 3 SYSTEMPATH\Database\BaseBuilder.php(2307): CodeIgniter\Database\BaseConnection->query()
 4 SYSTEMPATH\Model.php(326): CodeIgniter\Database\BaseBuilder->insert()
 5 SYSTEMPATH\BaseModel.php(802): CodeIgniter\Model->doInsert()
 6 SYSTEMPATH\Model.php(744): CodeIgniter\BaseModel->insert()
 7 SYSTEMPATH\BaseModel.php(713): CodeIgniter\Model->insert()
 8 APPPATH\Controllers\News.php(69): CodeIgniter\BaseModel->save()
 9 SYSTEMPATH\CodeIgniter.php(941): App\Controllers\News->create()
10 SYSTEMPATH\CodeIgniter.php(502): CodeIgniter\CodeIgniter->runController()
11 SYSTEMPATH\CodeIgniter.php(361): CodeIgniter\CodeIgniter->handleRequest()
12 FCPATH\index.php(79): CodeIgniter\CodeIgniter->run()
13 SYSTEMPATH\Commands\Server\rewrite.php(47): require_once('C:\\Users\\Lenovo\\OneDrive\\Área de Trabalho\\codeigniter4\\public\\index.php')
CRITICAL - 2024-03-04 17:04:39 --> [Caused by] mysqli_sql_exception: Duplicate entry 'noticia-nova' for key 'slug'
in SYSTEMPATH\Database\MySQLi\Connection.php on line 306.
 1 SYSTEMPATH\Database\MySQLi\Connection.php(306): mysqli->query()
 2 SYSTEMPATH\Database\BaseConnection.php(693): CodeIgniter\Database\MySQLi\Connection->execute()
 3 SYSTEMPATH\Database\BaseConnection.php(607): CodeIgniter\Database\BaseConnection->simpleQuery()
 4 SYSTEMPATH\Database\BaseBuilder.php(2307): CodeIgniter\Database\BaseConnection->query()
 5 SYSTEMPATH\Model.php(326): CodeIgniter\Database\BaseBuilder->insert()
 6 SYSTEMPATH\BaseModel.php(802): CodeIgniter\Model->doInsert()
 7 SYSTEMPATH\Model.php(744): CodeIgniter\BaseModel->insert()
 8 SYSTEMPATH\BaseModel.php(713): CodeIgniter\Model->insert()
 9 APPPATH\Controllers\News.php(69): CodeIgniter\BaseModel->save()
10 SYSTEMPATH\CodeIgniter.php(941): App\Controllers\News->create()
11 SYSTEMPATH\CodeIgniter.php(502): CodeIgniter\CodeIgniter->runController()
12 SYSTEMPATH\CodeIgniter.php(361): CodeIgniter\CodeIgniter->handleRequest()
13 FCPATH\index.php(79): CodeIgniter\CodeIgniter->run()
14 SYSTEMPATH\Commands\Server\rewrite.php(47): require_once('C:\\Users\\Lenovo\\OneDrive\\Área de Trabalho\\codeigniter4\\public\\index.php')
INFO - 2024-03-04 17:05:16 --> CSRF token verified.
ERROR - 2024-03-04 17:05:16 --> mysqli_sql_exception: Duplicate entry 'noticia-nova' for key 'slug' in C:\Users\Lenovo\OneDrive\Área de Trabalho\codeigniter4\system\Database\MySQLi\Connection.php:306
Stack trace:
#0 C:\Users\Lenovo\OneDrive\Área de Trabalho\codeigniter4\system\Database\MySQLi\Connection.php(306): mysqli->query()
#1 C:\Users\Lenovo\OneDrive\Área de Trabalho\codeigniter4\system\Database\BaseConnection.php(693): CodeIgniter\Database\MySQLi\Connection->execute()
#2 C:\Users\Lenovo\OneDrive\Área de Trabalho\codeigniter4\system\Database\BaseConnection.php(607): CodeIgniter\Database\BaseConnection->simpleQuery()
#3 C:\Users\Lenovo\OneDrive\Área de Trabalho\codeigniter4\system\Database\BaseBuilder.php(2307): CodeIgniter\Database\BaseConnection->query()
#4 C:\Users\Lenovo\OneDrive\Área de Trabalho\codeigniter4\system\Model.php(326): CodeIgniter\Database\BaseBuilder->insert()
#5 C:\Users\Lenovo\OneDrive\Área de Trabalho\codeigniter4\system\BaseModel.php(802): CodeIgniter\Model->doInsert()
#6 C:\Users\Lenovo\OneDrive\Área de Trabalho\codeigniter4\system\Model.php(744): CodeIgniter\BaseModel->insert()
#7 C:\Users\Lenovo\OneDrive\Área de Trabalho\codeigniter4\system\BaseModel.php(713): CodeIgniter\Model->insert()
#8 C:\Users\Lenovo\OneDrive\Área de Trabalho\codeigniter4\app\Controllers\News.php(69): CodeIgniter\BaseModel->save()
#9 C:\Users\Lenovo\OneDrive\Área de Trabalho\codeigniter4\system\CodeIgniter.php(941): App\Controllers\News->create()
#10 C:\Users\Lenovo\OneDrive\Área de Trabalho\codeigniter4\system\CodeIgniter.php(502): CodeIgniter\CodeIgniter->runController()
#11 C:\Users\Lenovo\OneDrive\Área de Trabalho\codeigniter4\system\CodeIgniter.php(361): CodeIgniter\CodeIgniter->handleRequest()
#12 C:\Users\Lenovo\OneDrive\Área de Trabalho\codeigniter4\public\index.php(79): CodeIgniter\CodeIgniter->run()
#13 C:\Users\Lenovo\OneDrive\Área de Trabalho\codeigniter4\system\Commands\Server\rewrite.php(47): require_once('...')
#14 {main}
CRITICAL - 2024-03-04 17:05:16 --> CodeIgniter\Database\Exceptions\DatabaseException: Duplicate entry 'noticia-nova' for key 'slug'
in SYSTEMPATH\Database\BaseConnection.php on line 647.
 1 SYSTEMPATH\Database\BaseBuilder.php(2307): CodeIgniter\Database\BaseConnection->query()
 2 SYSTEMPATH\Model.php(326): CodeIgniter\Database\BaseBuilder->insert()
 3 SYSTEMPATH\BaseModel.php(802): CodeIgniter\Model->doInsert()
 4 SYSTEMPATH\Model.php(744): CodeIgniter\BaseModel->insert()
 5 SYSTEMPATH\BaseModel.php(713): CodeIgniter\Model->insert()
 6 APPPATH\Controllers\News.php(69): CodeIgniter\BaseModel->save()
 7 SYSTEMPATH\CodeIgniter.php(941): App\Controllers\News->create()
 8 SYSTEMPATH\CodeIgniter.php(502): CodeIgniter\CodeIgniter->runController()
 9 SYSTEMPATH\CodeIgniter.php(361): CodeIgniter\CodeIgniter->handleRequest()
10 FCPATH\index.php(79): CodeIgniter\CodeIgniter->run()
11 SYSTEMPATH\Commands\Server\rewrite.php(47): require_once('C:\\Users\\Lenovo\\OneDrive\\Área de Trabalho\\codeigniter4\\public\\index.php')
CRITICAL - 2024-03-04 17:05:16 --> [Caused by] CodeIgniter\Database\Exceptions\DatabaseException: Duplicate entry 'noticia-nova' for key 'slug'
in SYSTEMPATH\Database\MySQLi\Connection.php on line 311.
 1 SYSTEMPATH\Database\BaseConnection.php(693): CodeIgniter\Database\MySQLi\Connection->execute()
 2 SYSTEMPATH\Database\BaseConnection.php(607): CodeIgniter\Database\BaseConnection->simpleQuery()
 3 SYSTEMPATH\Database\BaseBuilder.php(2307): CodeIgniter\Database\BaseConnection->query()
 4 SYSTEMPATH\Model.php(326): CodeIgniter\Database\BaseBuilder->insert()
 5 SYSTEMPATH\BaseModel.php(802): CodeIgniter\Model->doInsert()
 6 SYSTEMPATH\Model.php(744): CodeIgniter\BaseModel->insert()
 7 SYSTEMPATH\BaseModel.php(713): CodeIgniter\Model->insert()
 8 APPPATH\Controllers\News.php(69): CodeIgniter\BaseModel->save()
 9 SYSTEMPATH\CodeIgniter.php(941): App\Controllers\News->create()
10 SYSTEMPATH\CodeIgniter.php(502): CodeIgniter\CodeIgniter->runController()
11 SYSTEMPATH\CodeIgniter.php(361): CodeIgniter\CodeIgniter->handleRequest()
12 FCPATH\index.php(79): CodeIgniter\CodeIgniter->run()
13 SYSTEMPATH\Commands\Server\rewrite.php(47): require_once('C:\\Users\\Lenovo\\OneDrive\\Área de Trabalho\\codeigniter4\\public\\index.php')
CRITICAL - 2024-03-04 17:05:16 --> [Caused by] mysqli_sql_exception: Duplicate entry 'noticia-nova' for key 'slug'
in SYSTEMPATH\Database\MySQLi\Connection.php on line 306.
 1 SYSTEMPATH\Database\MySQLi\Connection.php(306): mysqli->query()
 2 SYSTEMPATH\Database\BaseConnection.php(693): CodeIgniter\Database\MySQLi\Connection->execute()
 3 SYSTEMPATH\Database\BaseConnection.php(607): CodeIgniter\Database\BaseConnection->simpleQuery()
 4 SYSTEMPATH\Database\BaseBuilder.php(2307): CodeIgniter\Database\BaseConnection->query()
 5 SYSTEMPATH\Model.php(326): CodeIgniter\Database\BaseBuilder->insert()
 6 SYSTEMPATH\BaseModel.php(802): CodeIgniter\Model->doInsert()
 7 SYSTEMPATH\Model.php(744): CodeIgniter\BaseModel->insert()
 8 SYSTEMPATH\BaseModel.php(713): CodeIgniter\Model->insert()
 9 APPPATH\Controllers\News.php(69): CodeIgniter\BaseModel->save()
10 SYSTEMPATH\CodeIgniter.php(941): App\Controllers\News->create()
11 SYSTEMPATH\CodeIgniter.php(502): CodeIgniter\CodeIgniter->runController()
12 SYSTEMPATH\CodeIgniter.php(361): CodeIgniter\CodeIgniter->handleRequest()
13 FCPATH\index.php(79): CodeIgniter\CodeIgniter->run()
14 SYSTEMPATH\Commands\Server\rewrite.php(47): require_once('C:\\Users\\Lenovo\\OneDrive\\Área de Trabalho\\codeigniter4\\public\\index.php')
INFO - 2024-03-04 17:07:25 --> CSRF token verified.
ERROR - 2024-03-04 17:07:25 --> mysqli_sql_exception: Duplicate entry 'noticia-nova' for key 'slug' in C:\Users\Lenovo\OneDrive\Área de Trabalho\codeigniter4\system\Database\MySQLi\Connection.php:306
Stack trace:
#0 C:\Users\Lenovo\OneDrive\Área de Trabalho\codeigniter4\system\Database\MySQLi\Connection.php(306): mysqli->query()
#1 C:\Users\Lenovo\OneDrive\Área de Trabalho\codeigniter4\system\Database\BaseConnection.php(693): CodeIgniter\Database\MySQLi\Connection->execute()
#2 C:\Users\Lenovo\OneDrive\Área de Trabalho\codeigniter4\system\Database\BaseConnection.php(607): CodeIgniter\Database\BaseConnection->simpleQuery()
#3 C:\Users\Lenovo\OneDrive\Área de Trabalho\codeigniter4\system\Database\BaseBuilder.php(2307): CodeIgniter\Database\BaseConnection->query()
#4 C:\Users\Lenovo\OneDrive\Área de Trabalho\codeigniter4\system\Model.php(326): CodeIgniter\Database\BaseBuilder->insert()
#5 C:\Users\Lenovo\OneDrive\Área de Trabalho\codeigniter4\system\BaseModel.php(802): CodeIgniter\Model->doInsert()
#6 C:\Users\Lenovo\OneDrive\Área de Trabalho\codeigniter4\system\Model.php(744): CodeIgniter\BaseModel->insert()
#7 C:\Users\Lenovo\OneDrive\Área de Trabalho\codeigniter4\system\BaseModel.php(713): CodeIgniter\Model->insert()
#8 C:\Users\Lenovo\OneDrive\Área de Trabalho\codeigniter4\app\Controllers\News.php(69): CodeIgniter\BaseModel->save()
#9 C:\Users\Lenovo\OneDrive\Área de Trabalho\codeigniter4\system\CodeIgniter.php(941): App\Controllers\News->create()
#10 C:\Users\Lenovo\OneDrive\Área de Trabalho\codeigniter4\system\CodeIgniter.php(502): CodeIgniter\CodeIgniter->runController()
#11 C:\Users\Lenovo\OneDrive\Área de Trabalho\codeigniter4\system\CodeIgniter.php(361): CodeIgniter\CodeIgniter->handleRequest()
#12 C:\Users\Lenovo\OneDrive\Área de Trabalho\codeigniter4\public\index.php(79): CodeIgniter\CodeIgniter->run()
#13 C:\Users\Lenovo\OneDrive\Área de Trabalho\codeigniter4\system\Commands\Server\rewrite.php(47): require_once('...')
#14 {main}
CRITICAL - 2024-03-04 17:07:25 --> CodeIgniter\Database\Exceptions\DatabaseException: Duplicate entry 'noticia-nova' for key 'slug'
in SYSTEMPATH\Database\BaseConnection.php on line 647.
 1 SYSTEMPATH\Database\BaseBuilder.php(2307): CodeIgniter\Database\BaseConnection->query()
 2 SYSTEMPATH\Model.php(326): CodeIgniter\Database\BaseBuilder->insert()
 3 SYSTEMPATH\BaseModel.php(802): CodeIgniter\Model->doInsert()
 4 SYSTEMPATH\Model.php(744): CodeIgniter\BaseModel->insert()
 5 SYSTEMPATH\BaseModel.php(713): CodeIgniter\Model->insert()
 6 APPPATH\Controllers\News.php(69): CodeIgniter\BaseModel->save()
 7 SYSTEMPATH\CodeIgniter.php(941): App\Controllers\News->create()
 8 SYSTEMPATH\CodeIgniter.php(502): CodeIgniter\CodeIgniter->runController()
 9 SYSTEMPATH\CodeIgniter.php(361): CodeIgniter\CodeIgniter->handleRequest()
10 FCPATH\index.php(79): CodeIgniter\CodeIgniter->run()
11 SYSTEMPATH\Commands\Server\rewrite.php(47): require_once('C:\\Users\\Lenovo\\OneDrive\\Área de Trabalho\\codeigniter4\\public\\index.php')
CRITICAL - 2024-03-04 17:07:25 --> [Caused by] CodeIgniter\Database\Exceptions\DatabaseException: Duplicate entry 'noticia-nova' for key 'slug'
in SYSTEMPATH\Database\MySQLi\Connection.php on line 311.
 1 SYSTEMPATH\Database\BaseConnection.php(693): CodeIgniter\Database\MySQLi\Connection->execute()
 2 SYSTEMPATH\Database\BaseConnection.php(607): CodeIgniter\Database\BaseConnection->simpleQuery()
 3 SYSTEMPATH\Database\BaseBuilder.php(2307): CodeIgniter\Database\BaseConnection->query()
 4 SYSTEMPATH\Model.php(326): CodeIgniter\Database\BaseBuilder->insert()
 5 SYSTEMPATH\BaseModel.php(802): CodeIgniter\Model->doInsert()
 6 SYSTEMPATH\Model.php(744): CodeIgniter\BaseModel->insert()
 7 SYSTEMPATH\BaseModel.php(713): CodeIgniter\Model->insert()
 8 APPPATH\Controllers\News.php(69): CodeIgniter\BaseModel->save()
 9 SYSTEMPATH\CodeIgniter.php(941): App\Controllers\News->create()
10 SYSTEMPATH\CodeIgniter.php(502): CodeIgniter\CodeIgniter->runController()
11 SYSTEMPATH\CodeIgniter.php(361): CodeIgniter\CodeIgniter->handleRequest()
12 FCPATH\index.php(79): CodeIgniter\CodeIgniter->run()
13 SYSTEMPATH\Commands\Server\rewrite.php(47): require_once('C:\\Users\\Lenovo\\OneDrive\\Área de Trabalho\\codeigniter4\\public\\index.php')
CRITICAL - 2024-03-04 17:07:25 --> [Caused by] mysqli_sql_exception: Duplicate entry 'noticia-nova' for key 'slug'
in SYSTEMPATH\Database\MySQLi\Connection.php on line 306.
 1 SYSTEMPATH\Database\MySQLi\Connection.php(306): mysqli->query()
 2 SYSTEMPATH\Database\BaseConnection.php(693): CodeIgniter\Database\MySQLi\Connection->execute()
 3 SYSTEMPATH\Database\BaseConnection.php(607): CodeIgniter\Database\BaseConnection->simpleQuery()
 4 SYSTEMPATH\Database\BaseBuilder.php(2307): CodeIgniter\Database\BaseConnection->query()
 5 SYSTEMPATH\Model.php(326): CodeIgniter\Database\BaseBuilder->insert()
 6 SYSTEMPATH\BaseModel.php(802): CodeIgniter\Model->doInsert()
 7 SYSTEMPATH\Model.php(744): CodeIgniter\BaseModel->insert()
 8 SYSTEMPATH\BaseModel.php(713): CodeIgniter\Model->insert()
 9 APPPATH\Controllers\News.php(69): CodeIgniter\BaseModel->save()
10 SYSTEMPATH\CodeIgniter.php(941): App\Controllers\News->create()
11 SYSTEMPATH\CodeIgniter.php(502): CodeIgniter\CodeIgniter->runController()
12 SYSTEMPATH\CodeIgniter.php(361): CodeIgniter\CodeIgniter->handleRequest()
13 FCPATH\index.php(79): CodeIgniter\CodeIgniter->run()
14 SYSTEMPATH\Commands\Server\rewrite.php(47): require_once('C:\\Users\\Lenovo\\OneDrive\\Área de Trabalho\\codeigniter4\\public\\index.php')
