CRITICAL - 2024-02-21 21:38:08 --> Error: Undefined constant "CodeIgniter\Database\MySQLi\MYSQLI_STORE_RESULT"
in SYSTEMPATH\Database\Database.php on line 137.
 1 SYSTEMPATH\Database\Database.php(55): CodeIgniter\Database\Database->initDriver()
 2 SYSTEMPATH\Database\Config.php(82): CodeIgniter\Database\Database->load()
 3 SYSTEMPATH\Model.php(153): CodeIgniter\Database\Config::connect()
 4 SYSTEMPATH\Config\Factories.php(218): CodeIgniter\Model->__construct()
 5 SYSTEMPATH\Config\Factories.php(168): CodeIgniter\Config\Factories::createInstance()
 6 SYSTEMPATH\Common.php(813): CodeIgniter\Config\Factories::__callStatic()
 7 APPPATH\Controllers\News.php(13): model()
 8 SYSTEMPATH\CodeIgniter.php(941): App\Controllers\News->index()
 9 SYSTEMPATH\CodeIgniter.php(502): CodeIgniter\CodeIgniter->runController()
10 SYSTEMPATH\CodeIgniter.php(361): CodeIgniter\CodeIgniter->handleRequest()
11 FCPATH\index.php(79): CodeIgniter\CodeIgniter->run()
12 SYSTEMPATH\Commands\Server\rewrite.php(47): require_once('C:\\Users\\Lenovo\\OneDrive\\Área de Trabalho\\codeigniter4\\public\\index.php')
CRITICAL - 2024-02-21 21:38:51 --> Error: Undefined constant "CodeIgniter\Database\MySQLi\MYSQLI_STORE_RESULT"
in SYSTEMPATH\Database\Database.php on line 137.
 1 SYSTEMPATH\Database\Database.php(55): CodeIgniter\Database\Database->initDriver()
 2 SYSTEMPATH\Database\Config.php(82): CodeIgniter\Database\Database->load()
 3 SYSTEMPATH\Model.php(153): CodeIgniter\Database\Config::connect()
 4 SYSTEMPATH\Config\Factories.php(218): CodeIgniter\Model->__construct()
 5 SYSTEMPATH\Config\Factories.php(168): CodeIgniter\Config\Factories::createInstance()
 6 SYSTEMPATH\Common.php(813): CodeIgniter\Config\Factories::__callStatic()
 7 APPPATH\Controllers\News.php(13): model()
 8 SYSTEMPATH\CodeIgniter.php(941): App\Controllers\News->index()
 9 SYSTEMPATH\CodeIgniter.php(502): CodeIgniter\CodeIgniter->runController()
10 SYSTEMPATH\CodeIgniter.php(361): CodeIgniter\CodeIgniter->handleRequest()
11 FCPATH\index.php(79): CodeIgniter\CodeIgniter->run()
12 SYSTEMPATH\Commands\Server\rewrite.php(47): require_once('C:\\Users\\Lenovo\\OneDrive\\Área de Trabalho\\codeigniter4\\public\\index.php')
CRITICAL - 2024-02-21 21:38:52 --> Error: Undefined constant "CodeIgniter\Database\MySQLi\MYSQLI_STORE_RESULT"
in SYSTEMPATH\Database\Database.php on line 137.
 1 SYSTEMPATH\Database\Database.php(55): CodeIgniter\Database\Database->initDriver()
 2 SYSTEMPATH\Database\Config.php(82): CodeIgniter\Database\Database->load()
 3 SYSTEMPATH\Model.php(153): CodeIgniter\Database\Config::connect()
 4 SYSTEMPATH\Config\Factories.php(218): CodeIgniter\Model->__construct()
 5 SYSTEMPATH\Config\Factories.php(168): CodeIgniter\Config\Factories::createInstance()
 6 SYSTEMPATH\Common.php(813): CodeIgniter\Config\Factories::__callStatic()
 7 APPPATH\Controllers\News.php(13): model()
 8 SYSTEMPATH\CodeIgniter.php(941): App\Controllers\News->index()
 9 SYSTEMPATH\CodeIgniter.php(502): CodeIgniter\CodeIgniter->runController()
10 SYSTEMPATH\CodeIgniter.php(361): CodeIgniter\CodeIgniter->handleRequest()
11 FCPATH\index.php(79): CodeIgniter\CodeIgniter->run()
12 SYSTEMPATH\Commands\Server\rewrite.php(47): require_once('C:\\Users\\Lenovo\\OneDrive\\Área de Trabalho\\codeigniter4\\public\\index.php')
CRITICAL - 2024-02-21 21:38:53 --> Error: Undefined constant "CodeIgniter\Database\MySQLi\MYSQLI_STORE_RESULT"
in SYSTEMPATH\Database\Database.php on line 137.
 1 SYSTEMPATH\Database\Database.php(55): CodeIgniter\Database\Database->initDriver()
 2 SYSTEMPATH\Database\Config.php(82): CodeIgniter\Database\Database->load()
 3 SYSTEMPATH\Model.php(153): CodeIgniter\Database\Config::connect()
 4 SYSTEMPATH\Config\Factories.php(218): CodeIgniter\Model->__construct()
 5 SYSTEMPATH\Config\Factories.php(168): CodeIgniter\Config\Factories::createInstance()
 6 SYSTEMPATH\Common.php(813): CodeIgniter\Config\Factories::__callStatic()
 7 APPPATH\Controllers\News.php(13): model()
 8 SYSTEMPATH\CodeIgniter.php(941): App\Controllers\News->index()
 9 SYSTEMPATH\CodeIgniter.php(502): CodeIgniter\CodeIgniter->runController()
10 SYSTEMPATH\CodeIgniter.php(361): CodeIgniter\CodeIgniter->handleRequest()
11 FCPATH\index.php(79): CodeIgniter\CodeIgniter->run()
12 SYSTEMPATH\Commands\Server\rewrite.php(47): require_once('C:\\Users\\Lenovo\\OneDrive\\Área de Trabalho\\codeigniter4\\public\\index.php')
CRITICAL - 2024-02-21 21:38:53 --> Error: Undefined constant "CodeIgniter\Database\MySQLi\MYSQLI_STORE_RESULT"
in SYSTEMPATH\Database\Database.php on line 137.
 1 SYSTEMPATH\Database\Database.php(55): CodeIgniter\Database\Database->initDriver()
 2 SYSTEMPATH\Database\Config.php(82): CodeIgniter\Database\Database->load()
 3 SYSTEMPATH\Model.php(153): CodeIgniter\Database\Config::connect()
 4 SYSTEMPATH\Config\Factories.php(218): CodeIgniter\Model->__construct()
 5 SYSTEMPATH\Config\Factories.php(168): CodeIgniter\Config\Factories::createInstance()
 6 SYSTEMPATH\Common.php(813): CodeIgniter\Config\Factories::__callStatic()
 7 APPPATH\Controllers\News.php(13): model()
 8 SYSTEMPATH\CodeIgniter.php(941): App\Controllers\News->index()
 9 SYSTEMPATH\CodeIgniter.php(502): CodeIgniter\CodeIgniter->runController()
10 SYSTEMPATH\CodeIgniter.php(361): CodeIgniter\CodeIgniter->handleRequest()
11 FCPATH\index.php(79): CodeIgniter\CodeIgniter->run()
12 SYSTEMPATH\Commands\Server\rewrite.php(47): require_once('C:\\Users\\Lenovo\\OneDrive\\Área de Trabalho\\codeigniter4\\public\\index.php')
CRITICAL - 2024-02-21 21:44:07 --> Error: Undefined constant "CodeIgniter\Database\MySQLi\MYSQLI_STORE_RESULT"
in SYSTEMPATH\Database\Database.php on line 137.
 1 SYSTEMPATH\Database\Database.php(55): CodeIgniter\Database\Database->initDriver()
 2 SYSTEMPATH\Database\Config.php(82): CodeIgniter\Database\Database->load()
 3 SYSTEMPATH\Model.php(153): CodeIgniter\Database\Config::connect()
 4 SYSTEMPATH\Config\Factories.php(218): CodeIgniter\Model->__construct()
 5 SYSTEMPATH\Config\Factories.php(168): CodeIgniter\Config\Factories::createInstance()
 6 SYSTEMPATH\Common.php(813): CodeIgniter\Config\Factories::__callStatic()
 7 APPPATH\Controllers\News.php(13): model()
 8 SYSTEMPATH\CodeIgniter.php(941): App\Controllers\News->index()
 9 SYSTEMPATH\CodeIgniter.php(502): CodeIgniter\CodeIgniter->runController()
10 SYSTEMPATH\CodeIgniter.php(361): CodeIgniter\CodeIgniter->handleRequest()
11 FCPATH\index.php(79): CodeIgniter\CodeIgniter->run()
12 SYSTEMPATH\Commands\Server\rewrite.php(47): require_once('C:\\Users\\Lenovo\\OneDrive\\Área de Trabalho\\codeigniter4\\public\\index.php')
CRITICAL - 2024-02-21 21:48:46 --> Error: Undefined constant "CodeIgniter\Database\MySQLi\MYSQLI_STORE_RESULT"
in SYSTEMPATH\Database\Database.php on line 137.
 1 SYSTEMPATH\Database\Database.php(55): CodeIgniter\Database\Database->initDriver()
 2 SYSTEMPATH\Database\Config.php(82): CodeIgniter\Database\Database->load()
 3 SYSTEMPATH\Model.php(153): CodeIgniter\Database\Config::connect()
 4 SYSTEMPATH\Config\Factories.php(218): CodeIgniter\Model->__construct()
 5 SYSTEMPATH\Config\Factories.php(168): CodeIgniter\Config\Factories::createInstance()
 6 SYSTEMPATH\Common.php(813): CodeIgniter\Config\Factories::__callStatic()
 7 APPPATH\Controllers\News.php(13): model()
 8 SYSTEMPATH\CodeIgniter.php(941): App\Controllers\News->index()
 9 SYSTEMPATH\CodeIgniter.php(502): CodeIgniter\CodeIgniter->runController()
10 SYSTEMPATH\CodeIgniter.php(361): CodeIgniter\CodeIgniter->handleRequest()
11 FCPATH\index.php(79): CodeIgniter\CodeIgniter->run()
12 SYSTEMPATH\Commands\Server\rewrite.php(47): require_once('C:\\Users\\Lenovo\\OneDrive\\Área de Trabalho\\codeigniter4\\public\\index.php')
CRITICAL - 2024-02-21 21:48:48 --> Error: Undefined constant "CodeIgniter\Database\MySQLi\MYSQLI_STORE_RESULT"
in SYSTEMPATH\Database\Database.php on line 137.
 1 SYSTEMPATH\Database\Database.php(55): CodeIgniter\Database\Database->initDriver()
 2 SYSTEMPATH\Database\Config.php(82): CodeIgniter\Database\Database->load()
 3 SYSTEMPATH\Model.php(153): CodeIgniter\Database\Config::connect()
 4 SYSTEMPATH\Config\Factories.php(218): CodeIgniter\Model->__construct()
 5 SYSTEMPATH\Config\Factories.php(168): CodeIgniter\Config\Factories::createInstance()
 6 SYSTEMPATH\Common.php(813): CodeIgniter\Config\Factories::__callStatic()
 7 APPPATH\Controllers\News.php(13): model()
 8 SYSTEMPATH\CodeIgniter.php(941): App\Controllers\News->index()
 9 SYSTEMPATH\CodeIgniter.php(502): CodeIgniter\CodeIgniter->runController()
10 SYSTEMPATH\CodeIgniter.php(361): CodeIgniter\CodeIgniter->handleRequest()
11 FCPATH\index.php(79): CodeIgniter\CodeIgniter->run()
12 SYSTEMPATH\Commands\Server\rewrite.php(47): require_once('C:\\Users\\Lenovo\\OneDrive\\Área de Trabalho\\codeigniter4\\public\\index.php')
CRITICAL - 2024-02-21 21:49:40 --> Error: Undefined constant "CodeIgniter\Database\MySQLi\MYSQLI_STORE_RESULT"
in SYSTEMPATH\Database\Database.php on line 137.
 1 SYSTEMPATH\Database\Database.php(55): CodeIgniter\Database\Database->initDriver()
 2 SYSTEMPATH\Database\Config.php(82): CodeIgniter\Database\Database->load()
 3 SYSTEMPATH\Model.php(153): CodeIgniter\Database\Config::connect()
 4 SYSTEMPATH\Config\Factories.php(218): CodeIgniter\Model->__construct()
 5 SYSTEMPATH\Config\Factories.php(168): CodeIgniter\Config\Factories::createInstance()
 6 SYSTEMPATH\Common.php(813): CodeIgniter\Config\Factories::__callStatic()
 7 APPPATH\Controllers\News.php(13): model()
 8 SYSTEMPATH\CodeIgniter.php(941): App\Controllers\News->index()
 9 SYSTEMPATH\CodeIgniter.php(502): CodeIgniter\CodeIgniter->runController()
10 SYSTEMPATH\CodeIgniter.php(361): CodeIgniter\CodeIgniter->handleRequest()
11 FCPATH\index.php(79): CodeIgniter\CodeIgniter->run()
12 SYSTEMPATH\Commands\Server\rewrite.php(47): require_once('C:\\Users\\Lenovo\\OneDrive\\Área de Trabalho\\codeigniter4\\public\\index.php')
CRITICAL - 2024-02-21 21:49:41 --> Error: Undefined constant "CodeIgniter\Database\MySQLi\MYSQLI_STORE_RESULT"
in SYSTEMPATH\Database\Database.php on line 137.
 1 SYSTEMPATH\Database\Database.php(55): CodeIgniter\Database\Database->initDriver()
 2 SYSTEMPATH\Database\Config.php(82): CodeIgniter\Database\Database->load()
 3 SYSTEMPATH\Model.php(153): CodeIgniter\Database\Config::connect()
 4 SYSTEMPATH\Config\Factories.php(218): CodeIgniter\Model->__construct()
 5 SYSTEMPATH\Config\Factories.php(168): CodeIgniter\Config\Factories::createInstance()
 6 SYSTEMPATH\Common.php(813): CodeIgniter\Config\Factories::__callStatic()
 7 APPPATH\Controllers\News.php(13): model()
 8 SYSTEMPATH\CodeIgniter.php(941): App\Controllers\News->index()
 9 SYSTEMPATH\CodeIgniter.php(502): CodeIgniter\CodeIgniter->runController()
10 SYSTEMPATH\CodeIgniter.php(361): CodeIgniter\CodeIgniter->handleRequest()
11 FCPATH\index.php(79): CodeIgniter\CodeIgniter->run()
12 SYSTEMPATH\Commands\Server\rewrite.php(47): require_once('C:\\Users\\Lenovo\\OneDrive\\Área de Trabalho\\codeigniter4\\public\\index.php')
CRITICAL - 2024-02-21 21:49:42 --> Error: Undefined constant "CodeIgniter\Database\MySQLi\MYSQLI_STORE_RESULT"
in SYSTEMPATH\Database\Database.php on line 137.
 1 SYSTEMPATH\Database\Database.php(55): CodeIgniter\Database\Database->initDriver()
 2 SYSTEMPATH\Database\Config.php(82): CodeIgniter\Database\Database->load()
 3 SYSTEMPATH\Model.php(153): CodeIgniter\Database\Config::connect()
 4 SYSTEMPATH\Config\Factories.php(218): CodeIgniter\Model->__construct()
 5 SYSTEMPATH\Config\Factories.php(168): CodeIgniter\Config\Factories::createInstance()
 6 SYSTEMPATH\Common.php(813): CodeIgniter\Config\Factories::__callStatic()
 7 APPPATH\Controllers\News.php(13): model()
 8 SYSTEMPATH\CodeIgniter.php(941): App\Controllers\News->index()
 9 SYSTEMPATH\CodeIgniter.php(502): CodeIgniter\CodeIgniter->runController()
10 SYSTEMPATH\CodeIgniter.php(361): CodeIgniter\CodeIgniter->handleRequest()
11 FCPATH\index.php(79): CodeIgniter\CodeIgniter->run()
12 SYSTEMPATH\Commands\Server\rewrite.php(47): require_once('C:\\Users\\Lenovo\\OneDrive\\Área de Trabalho\\codeigniter4\\public\\index.php')
CRITICAL - 2024-02-21 21:51:47 --> Error: Undefined constant "CodeIgniter\Database\MySQLi\MYSQLI_STORE_RESULT"
in SYSTEMPATH\Database\Database.php on line 137.
 1 SYSTEMPATH\Database\Database.php(55): CodeIgniter\Database\Database->initDriver()
 2 SYSTEMPATH\Database\Config.php(82): CodeIgniter\Database\Database->load()
 3 SYSTEMPATH\Model.php(153): CodeIgniter\Database\Config::connect()
 4 SYSTEMPATH\Config\Factories.php(218): CodeIgniter\Model->__construct()
 5 SYSTEMPATH\Config\Factories.php(168): CodeIgniter\Config\Factories::createInstance()
 6 SYSTEMPATH\Common.php(813): CodeIgniter\Config\Factories::__callStatic()
 7 APPPATH\Controllers\News.php(13): model()
 8 SYSTEMPATH\CodeIgniter.php(941): App\Controllers\News->index()
 9 SYSTEMPATH\CodeIgniter.php(502): CodeIgniter\CodeIgniter->runController()
10 SYSTEMPATH\CodeIgniter.php(361): CodeIgniter\CodeIgniter->handleRequest()
11 FCPATH\index.php(79): CodeIgniter\CodeIgniter->run()
12 SYSTEMPATH\Commands\Server\rewrite.php(47): require_once('C:\\Users\\Lenovo\\OneDrive\\Área de Trabalho\\codeigniter4\\public\\index.php')
CRITICAL - 2024-02-21 21:52:09 --> Error: Undefined constant "CodeIgniter\Database\MySQLi\MYSQLI_STORE_RESULT"
in SYSTEMPATH\Database\Database.php on line 137.
 1 SYSTEMPATH\Database\Database.php(55): CodeIgniter\Database\Database->initDriver()
 2 SYSTEMPATH\Database\Config.php(82): CodeIgniter\Database\Database->load()
 3 SYSTEMPATH\Model.php(153): CodeIgniter\Database\Config::connect()
 4 SYSTEMPATH\Config\Factories.php(218): CodeIgniter\Model->__construct()
 5 SYSTEMPATH\Config\Factories.php(168): CodeIgniter\Config\Factories::createInstance()
 6 SYSTEMPATH\Common.php(813): CodeIgniter\Config\Factories::__callStatic()
 7 APPPATH\Controllers\News.php(13): model()
 8 SYSTEMPATH\CodeIgniter.php(941): App\Controllers\News->index()
 9 SYSTEMPATH\CodeIgniter.php(502): CodeIgniter\CodeIgniter->runController()
10 SYSTEMPATH\CodeIgniter.php(361): CodeIgniter\CodeIgniter->handleRequest()
11 FCPATH\index.php(79): CodeIgniter\CodeIgniter->run()
12 SYSTEMPATH\Commands\Server\rewrite.php(47): require_once('C:\\Users\\Lenovo\\OneDrive\\Área de Trabalho\\codeigniter4\\public\\index.php')
CRITICAL - 2024-02-21 21:57:37 --> Error: Undefined constant "CodeIgniter\Database\MySQLi\MYSQLI_STORE_RESULT"
in SYSTEMPATH\Database\Database.php on line 137.
 1 SYSTEMPATH\Database\Database.php(55): CodeIgniter\Database\Database->initDriver()
 2 SYSTEMPATH\Database\Config.php(82): CodeIgniter\Database\Database->load()
 3 SYSTEMPATH\Model.php(153): CodeIgniter\Database\Config::connect()
 4 SYSTEMPATH\Config\Factories.php(218): CodeIgniter\Model->__construct()
 5 SYSTEMPATH\Config\Factories.php(168): CodeIgniter\Config\Factories::createInstance()
 6 SYSTEMPATH\Common.php(813): CodeIgniter\Config\Factories::__callStatic()
 7 APPPATH\Controllers\News.php(13): model()
 8 SYSTEMPATH\CodeIgniter.php(941): App\Controllers\News->index()
 9 SYSTEMPATH\CodeIgniter.php(502): CodeIgniter\CodeIgniter->runController()
10 SYSTEMPATH\CodeIgniter.php(361): CodeIgniter\CodeIgniter->handleRequest()
11 FCPATH\index.php(79): CodeIgniter\CodeIgniter->run()
12 SYSTEMPATH\Commands\Server\rewrite.php(47): require_once('C:\\Users\\Lenovo\\OneDrive\\Área de Trabalho\\codeigniter4\\public\\index.php')
CRITICAL - 2024-02-21 21:57:38 --> Error: Undefined constant "CodeIgniter\Database\MySQLi\MYSQLI_STORE_RESULT"
in SYSTEMPATH\Database\Database.php on line 137.
 1 SYSTEMPATH\Database\Database.php(55): CodeIgniter\Database\Database->initDriver()
 2 SYSTEMPATH\Database\Config.php(82): CodeIgniter\Database\Database->load()
 3 SYSTEMPATH\Model.php(153): CodeIgniter\Database\Config::connect()
 4 SYSTEMPATH\Config\Factories.php(218): CodeIgniter\Model->__construct()
 5 SYSTEMPATH\Config\Factories.php(168): CodeIgniter\Config\Factories::createInstance()
 6 SYSTEMPATH\Common.php(813): CodeIgniter\Config\Factories::__callStatic()
 7 APPPATH\Controllers\News.php(13): model()
 8 SYSTEMPATH\CodeIgniter.php(941): App\Controllers\News->index()
 9 SYSTEMPATH\CodeIgniter.php(502): CodeIgniter\CodeIgniter->runController()
10 SYSTEMPATH\CodeIgniter.php(361): CodeIgniter\CodeIgniter->handleRequest()
11 FCPATH\index.php(79): CodeIgniter\CodeIgniter->run()
12 SYSTEMPATH\Commands\Server\rewrite.php(47): require_once('C:\\Users\\Lenovo\\OneDrive\\Área de Trabalho\\codeigniter4\\public\\index.php')
