CRITICAL - 2024-02-22 10:47:53 --> Error: Undefined constant "CodeIgniter\Database\MySQLi\MYSQLI_STORE_RESULT"
in SYSTEMPATH\Database\Database.php on line 137.
 1 SYSTEMPATH\Database\Database.php(55): CodeIgniter\Database\Database->initDriver()
 2 SYSTEMPATH\Database\Config.php(82): CodeIgniter\Database\Database->load()
 3 SYSTEMPATH\Model.php(153): CodeIgniter\Database\Config::connect()
 4 SYSTEMPATH\Config\Factories.php(218): CodeIgniter\Model->__construct()
 5 SYSTEMPATH\Config\Factories.php(168): CodeIgniter\Config\Factories::createInstance()
 6 SYSTEMPATH\Common.php(813): CodeIgniter\Config\Factories::__callStatic()
 7 APPPATH\Controllers\News.php(13): model()
 8 SYSTEMPATH\CodeIgniter.php(941): App\Controllers\News->index()
 9 SYSTEMPATH\CodeIgniter.php(502): CodeIgniter\CodeIgniter->runController()
10 SYSTEMPATH\CodeIgniter.php(361): CodeIgniter\CodeIgniter->handleRequest()
11 FCPATH\index.php(79): CodeIgniter\CodeIgniter->run()
12 SYSTEMPATH\Commands\Server\rewrite.php(47): require_once('C:\\Users\\Lenovo\\OneDrive\\Área de Trabalho\\codeigniter4\\public\\index.php')
CRITICAL - 2024-02-22 10:47:54 --> Error: Undefined constant "CodeIgniter\Database\MySQLi\MYSQLI_STORE_RESULT"
in SYSTEMPATH\Database\Database.php on line 137.
 1 SYSTEMPATH\Database\Database.php(55): CodeIgniter\Database\Database->initDriver()
 2 SYSTEMPATH\Database\Config.php(82): CodeIgniter\Database\Database->load()
 3 SYSTEMPATH\Model.php(153): CodeIgniter\Database\Config::connect()
 4 SYSTEMPATH\Config\Factories.php(218): CodeIgniter\Model->__construct()
 5 SYSTEMPATH\Config\Factories.php(168): CodeIgniter\Config\Factories::createInstance()
 6 SYSTEMPATH\Common.php(813): CodeIgniter\Config\Factories::__callStatic()
 7 APPPATH\Controllers\News.php(13): model()
 8 SYSTEMPATH\CodeIgniter.php(941): App\Controllers\News->index()
 9 SYSTEMPATH\CodeIgniter.php(502): CodeIgniter\CodeIgniter->runController()
10 SYSTEMPATH\CodeIgniter.php(361): CodeIgniter\CodeIgniter->handleRequest()
11 FCPATH\index.php(79): CodeIgniter\CodeIgniter->run()
12 SYSTEMPATH\Commands\Server\rewrite.php(47): require_once('C:\\Users\\Lenovo\\OneDrive\\Área de Trabalho\\codeigniter4\\public\\index.php')
CRITICAL - 2024-02-22 10:53:49 --> ErrorException: Cannot redeclare Config\Database::$default
in APPPATH\Config\Database.php on line 49.
 1 [internal function]: CodeIgniter\Debug\Exceptions->shutdownHandler()
CRITICAL - 2024-02-22 10:54:31 --> Error: Undefined constant "CodeIgniter\Database\MySQLi\MYSQLI_STORE_RESULT"
in SYSTEMPATH\Database\Database.php on line 137.
 1 SYSTEMPATH\Database\Database.php(55): CodeIgniter\Database\Database->initDriver()
 2 SYSTEMPATH\Database\Config.php(82): CodeIgniter\Database\Database->load()
 3 SYSTEMPATH\Model.php(153): CodeIgniter\Database\Config::connect()
 4 SYSTEMPATH\Config\Factories.php(218): CodeIgniter\Model->__construct()
 5 SYSTEMPATH\Config\Factories.php(168): CodeIgniter\Config\Factories::createInstance()
 6 SYSTEMPATH\Common.php(813): CodeIgniter\Config\Factories::__callStatic()
 7 APPPATH\Controllers\News.php(13): model()
 8 SYSTEMPATH\CodeIgniter.php(941): App\Controllers\News->index()
 9 SYSTEMPATH\CodeIgniter.php(502): CodeIgniter\CodeIgniter->runController()
10 SYSTEMPATH\CodeIgniter.php(361): CodeIgniter\CodeIgniter->handleRequest()
11 FCPATH\index.php(79): CodeIgniter\CodeIgniter->run()
12 SYSTEMPATH\Commands\Server\rewrite.php(47): require_once('C:\\Users\\Lenovo\\OneDrive\\Área de Trabalho\\codeigniter4\\public\\index.php')
CRITICAL - 2024-02-22 10:55:14 --> Error: Undefined constant "CodeIgniter\Database\MySQLi\MYSQLI_STORE_RESULT"
in SYSTEMPATH\Database\Database.php on line 137.
 1 SYSTEMPATH\Database\Database.php(55): CodeIgniter\Database\Database->initDriver()
 2 SYSTEMPATH\Database\Config.php(82): CodeIgniter\Database\Database->load()
 3 SYSTEMPATH\Model.php(153): CodeIgniter\Database\Config::connect()
 4 SYSTEMPATH\Config\Factories.php(218): CodeIgniter\Model->__construct()
 5 SYSTEMPATH\Config\Factories.php(168): CodeIgniter\Config\Factories::createInstance()
 6 SYSTEMPATH\Common.php(813): CodeIgniter\Config\Factories::__callStatic()
 7 APPPATH\Controllers\News.php(13): model()
 8 SYSTEMPATH\CodeIgniter.php(941): App\Controllers\News->index()
 9 SYSTEMPATH\CodeIgniter.php(502): CodeIgniter\CodeIgniter->runController()
10 SYSTEMPATH\CodeIgniter.php(361): CodeIgniter\CodeIgniter->handleRequest()
11 FCPATH\index.php(79): CodeIgniter\CodeIgniter->run()
12 SYSTEMPATH\Commands\Server\rewrite.php(47): require_once('C:\\Users\\Lenovo\\OneDrive\\Área de Trabalho\\codeigniter4\\public\\index.php')
CRITICAL - 2024-02-22 10:55:16 --> Error: Undefined constant "CodeIgniter\Database\MySQLi\MYSQLI_STORE_RESULT"
in SYSTEMPATH\Database\Database.php on line 137.
 1 SYSTEMPATH\Database\Database.php(55): CodeIgniter\Database\Database->initDriver()
 2 SYSTEMPATH\Database\Config.php(82): CodeIgniter\Database\Database->load()
 3 SYSTEMPATH\Model.php(153): CodeIgniter\Database\Config::connect()
 4 SYSTEMPATH\Config\Factories.php(218): CodeIgniter\Model->__construct()
 5 SYSTEMPATH\Config\Factories.php(168): CodeIgniter\Config\Factories::createInstance()
 6 SYSTEMPATH\Common.php(813): CodeIgniter\Config\Factories::__callStatic()
 7 APPPATH\Controllers\News.php(13): model()
 8 SYSTEMPATH\CodeIgniter.php(941): App\Controllers\News->index()
 9 SYSTEMPATH\CodeIgniter.php(502): CodeIgniter\CodeIgniter->runController()
10 SYSTEMPATH\CodeIgniter.php(361): CodeIgniter\CodeIgniter->handleRequest()
11 FCPATH\index.php(79): CodeIgniter\CodeIgniter->run()
12 SYSTEMPATH\Commands\Server\rewrite.php(47): require_once('C:\\Users\\Lenovo\\OneDrive\\Área de Trabalho\\codeigniter4\\public\\index.php')
CRITICAL - 2024-02-22 10:55:17 --> Error: Undefined constant "CodeIgniter\Database\MySQLi\MYSQLI_STORE_RESULT"
in SYSTEMPATH\Database\Database.php on line 137.
 1 SYSTEMPATH\Database\Database.php(55): CodeIgniter\Database\Database->initDriver()
 2 SYSTEMPATH\Database\Config.php(82): CodeIgniter\Database\Database->load()
 3 SYSTEMPATH\Model.php(153): CodeIgniter\Database\Config::connect()
 4 SYSTEMPATH\Config\Factories.php(218): CodeIgniter\Model->__construct()
 5 SYSTEMPATH\Config\Factories.php(168): CodeIgniter\Config\Factories::createInstance()
 6 SYSTEMPATH\Common.php(813): CodeIgniter\Config\Factories::__callStatic()
 7 APPPATH\Controllers\News.php(13): model()
 8 SYSTEMPATH\CodeIgniter.php(941): App\Controllers\News->index()
 9 SYSTEMPATH\CodeIgniter.php(502): CodeIgniter\CodeIgniter->runController()
10 SYSTEMPATH\CodeIgniter.php(361): CodeIgniter\CodeIgniter->handleRequest()
11 FCPATH\index.php(79): CodeIgniter\CodeIgniter->run()
12 SYSTEMPATH\Commands\Server\rewrite.php(47): require_once('C:\\Users\\Lenovo\\OneDrive\\Área de Trabalho\\codeigniter4\\public\\index.php')
CRITICAL - 2024-02-22 10:55:18 --> Error: Undefined constant "CodeIgniter\Database\MySQLi\MYSQLI_STORE_RESULT"
in SYSTEMPATH\Database\Database.php on line 137.
 1 SYSTEMPATH\Database\Database.php(55): CodeIgniter\Database\Database->initDriver()
 2 SYSTEMPATH\Database\Config.php(82): CodeIgniter\Database\Database->load()
 3 SYSTEMPATH\Model.php(153): CodeIgniter\Database\Config::connect()
 4 SYSTEMPATH\Config\Factories.php(218): CodeIgniter\Model->__construct()
 5 SYSTEMPATH\Config\Factories.php(168): CodeIgniter\Config\Factories::createInstance()
 6 SYSTEMPATH\Common.php(813): CodeIgniter\Config\Factories::__callStatic()
 7 APPPATH\Controllers\News.php(13): model()
 8 SYSTEMPATH\CodeIgniter.php(941): App\Controllers\News->index()
 9 SYSTEMPATH\CodeIgniter.php(502): CodeIgniter\CodeIgniter->runController()
10 SYSTEMPATH\CodeIgniter.php(361): CodeIgniter\CodeIgniter->handleRequest()
11 FCPATH\index.php(79): CodeIgniter\CodeIgniter->run()
12 SYSTEMPATH\Commands\Server\rewrite.php(47): require_once('C:\\Users\\Lenovo\\OneDrive\\Área de Trabalho\\codeigniter4\\public\\index.php')
CRITICAL - 2024-02-22 10:55:19 --> Error: Undefined constant "CodeIgniter\Database\MySQLi\MYSQLI_STORE_RESULT"
in SYSTEMPATH\Database\Database.php on line 137.
 1 SYSTEMPATH\Database\Database.php(55): CodeIgniter\Database\Database->initDriver()
 2 SYSTEMPATH\Database\Config.php(82): CodeIgniter\Database\Database->load()
 3 SYSTEMPATH\Model.php(153): CodeIgniter\Database\Config::connect()
 4 SYSTEMPATH\Config\Factories.php(218): CodeIgniter\Model->__construct()
 5 SYSTEMPATH\Config\Factories.php(168): CodeIgniter\Config\Factories::createInstance()
 6 SYSTEMPATH\Common.php(813): CodeIgniter\Config\Factories::__callStatic()
 7 APPPATH\Controllers\News.php(13): model()
 8 SYSTEMPATH\CodeIgniter.php(941): App\Controllers\News->index()
 9 SYSTEMPATH\CodeIgniter.php(502): CodeIgniter\CodeIgniter->runController()
10 SYSTEMPATH\CodeIgniter.php(361): CodeIgniter\CodeIgniter->handleRequest()
11 FCPATH\index.php(79): CodeIgniter\CodeIgniter->run()
12 SYSTEMPATH\Commands\Server\rewrite.php(47): require_once('C:\\Users\\Lenovo\\OneDrive\\Área de Trabalho\\codeigniter4\\public\\index.php')
CRITICAL - 2024-02-22 11:00:10 --> Error: Undefined constant "CodeIgniter\Database\MySQLi\MYSQLI_STORE_RESULT"
in SYSTEMPATH\Database\Database.php on line 137.
 1 SYSTEMPATH\Database\Database.php(55): CodeIgniter\Database\Database->initDriver()
 2 SYSTEMPATH\Database\Config.php(82): CodeIgniter\Database\Database->load()
 3 SYSTEMPATH\Model.php(153): CodeIgniter\Database\Config::connect()
 4 SYSTEMPATH\Config\Factories.php(218): CodeIgniter\Model->__construct()
 5 SYSTEMPATH\Config\Factories.php(168): CodeIgniter\Config\Factories::createInstance()
 6 SYSTEMPATH\Common.php(813): CodeIgniter\Config\Factories::__callStatic()
 7 APPPATH\Controllers\News.php(13): model()
 8 SYSTEMPATH\CodeIgniter.php(941): App\Controllers\News->index()
 9 SYSTEMPATH\CodeIgniter.php(502): CodeIgniter\CodeIgniter->runController()
10 SYSTEMPATH\CodeIgniter.php(361): CodeIgniter\CodeIgniter->handleRequest()
11 FCPATH\index.php(79): CodeIgniter\CodeIgniter->run()
12 SYSTEMPATH\Commands\Server\rewrite.php(47): require_once('C:\\Users\\Lenovo\\OneDrive\\Área de Trabalho\\codeigniter4\\public\\index.php')
CRITICAL - 2024-02-22 11:00:11 --> Error: Undefined constant "CodeIgniter\Database\MySQLi\MYSQLI_STORE_RESULT"
in SYSTEMPATH\Database\Database.php on line 137.
 1 SYSTEMPATH\Database\Database.php(55): CodeIgniter\Database\Database->initDriver()
 2 SYSTEMPATH\Database\Config.php(82): CodeIgniter\Database\Database->load()
 3 SYSTEMPATH\Model.php(153): CodeIgniter\Database\Config::connect()
 4 SYSTEMPATH\Config\Factories.php(218): CodeIgniter\Model->__construct()
 5 SYSTEMPATH\Config\Factories.php(168): CodeIgniter\Config\Factories::createInstance()
 6 SYSTEMPATH\Common.php(813): CodeIgniter\Config\Factories::__callStatic()
 7 APPPATH\Controllers\News.php(13): model()
 8 SYSTEMPATH\CodeIgniter.php(941): App\Controllers\News->index()
 9 SYSTEMPATH\CodeIgniter.php(502): CodeIgniter\CodeIgniter->runController()
10 SYSTEMPATH\CodeIgniter.php(361): CodeIgniter\CodeIgniter->handleRequest()
11 FCPATH\index.php(79): CodeIgniter\CodeIgniter->run()
12 SYSTEMPATH\Commands\Server\rewrite.php(47): require_once('C:\\Users\\Lenovo\\OneDrive\\Área de Trabalho\\codeigniter4\\public\\index.php')
CRITICAL - 2024-02-22 11:01:30 --> Error: Undefined constant "CodeIgniter\Database\MySQLi\MYSQLI_STORE_RESULT"
in SYSTEMPATH\Database\Database.php on line 137.
 1 SYSTEMPATH\Database\Database.php(55): CodeIgniter\Database\Database->initDriver()
 2 SYSTEMPATH\Database\Config.php(82): CodeIgniter\Database\Database->load()
 3 SYSTEMPATH\Model.php(153): CodeIgniter\Database\Config::connect()
 4 SYSTEMPATH\Config\Factories.php(218): CodeIgniter\Model->__construct()
 5 SYSTEMPATH\Config\Factories.php(168): CodeIgniter\Config\Factories::createInstance()
 6 SYSTEMPATH\Common.php(813): CodeIgniter\Config\Factories::__callStatic()
 7 APPPATH\Controllers\News.php(13): model()
 8 SYSTEMPATH\CodeIgniter.php(941): App\Controllers\News->index()
 9 SYSTEMPATH\CodeIgniter.php(502): CodeIgniter\CodeIgniter->runController()
10 SYSTEMPATH\CodeIgniter.php(361): CodeIgniter\CodeIgniter->handleRequest()
11 FCPATH\index.php(79): CodeIgniter\CodeIgniter->run()
12 SYSTEMPATH\Commands\Server\rewrite.php(47): require_once('C:\\Users\\Lenovo\\OneDrive\\Área de Trabalho\\codeigniter4\\public\\index.php')
CRITICAL - 2024-02-22 11:01:31 --> Error: Undefined constant "CodeIgniter\Database\MySQLi\MYSQLI_STORE_RESULT"
in SYSTEMPATH\Database\Database.php on line 137.
 1 SYSTEMPATH\Database\Database.php(55): CodeIgniter\Database\Database->initDriver()
 2 SYSTEMPATH\Database\Config.php(82): CodeIgniter\Database\Database->load()
 3 SYSTEMPATH\Model.php(153): CodeIgniter\Database\Config::connect()
 4 SYSTEMPATH\Config\Factories.php(218): CodeIgniter\Model->__construct()
 5 SYSTEMPATH\Config\Factories.php(168): CodeIgniter\Config\Factories::createInstance()
 6 SYSTEMPATH\Common.php(813): CodeIgniter\Config\Factories::__callStatic()
 7 APPPATH\Controllers\News.php(13): model()
 8 SYSTEMPATH\CodeIgniter.php(941): App\Controllers\News->index()
 9 SYSTEMPATH\CodeIgniter.php(502): CodeIgniter\CodeIgniter->runController()
10 SYSTEMPATH\CodeIgniter.php(361): CodeIgniter\CodeIgniter->handleRequest()
11 FCPATH\index.php(79): CodeIgniter\CodeIgniter->run()
12 SYSTEMPATH\Commands\Server\rewrite.php(47): require_once('C:\\Users\\Lenovo\\OneDrive\\Área de Trabalho\\codeigniter4\\public\\index.php')
CRITICAL - 2024-02-22 11:01:32 --> Error: Undefined constant "CodeIgniter\Database\MySQLi\MYSQLI_STORE_RESULT"
in SYSTEMPATH\Database\Database.php on line 137.
 1 SYSTEMPATH\Database\Database.php(55): CodeIgniter\Database\Database->initDriver()
 2 SYSTEMPATH\Database\Config.php(82): CodeIgniter\Database\Database->load()
 3 SYSTEMPATH\Model.php(153): CodeIgniter\Database\Config::connect()
 4 SYSTEMPATH\Config\Factories.php(218): CodeIgniter\Model->__construct()
 5 SYSTEMPATH\Config\Factories.php(168): CodeIgniter\Config\Factories::createInstance()
 6 SYSTEMPATH\Common.php(813): CodeIgniter\Config\Factories::__callStatic()
 7 APPPATH\Controllers\News.php(13): model()
 8 SYSTEMPATH\CodeIgniter.php(941): App\Controllers\News->index()
 9 SYSTEMPATH\CodeIgniter.php(502): CodeIgniter\CodeIgniter->runController()
10 SYSTEMPATH\CodeIgniter.php(361): CodeIgniter\CodeIgniter->handleRequest()
11 FCPATH\index.php(79): CodeIgniter\CodeIgniter->run()
12 SYSTEMPATH\Commands\Server\rewrite.php(47): require_once('C:\\Users\\Lenovo\\OneDrive\\Área de Trabalho\\codeigniter4\\public\\index.php')
CRITICAL - 2024-02-22 11:01:32 --> Error: Undefined constant "CodeIgniter\Database\MySQLi\MYSQLI_STORE_RESULT"
in SYSTEMPATH\Database\Database.php on line 137.
 1 SYSTEMPATH\Database\Database.php(55): CodeIgniter\Database\Database->initDriver()
 2 SYSTEMPATH\Database\Config.php(82): CodeIgniter\Database\Database->load()
 3 SYSTEMPATH\Model.php(153): CodeIgniter\Database\Config::connect()
 4 SYSTEMPATH\Config\Factories.php(218): CodeIgniter\Model->__construct()
 5 SYSTEMPATH\Config\Factories.php(168): CodeIgniter\Config\Factories::createInstance()
 6 SYSTEMPATH\Common.php(813): CodeIgniter\Config\Factories::__callStatic()
 7 APPPATH\Controllers\News.php(13): model()
 8 SYSTEMPATH\CodeIgniter.php(941): App\Controllers\News->index()
 9 SYSTEMPATH\CodeIgniter.php(502): CodeIgniter\CodeIgniter->runController()
10 SYSTEMPATH\CodeIgniter.php(361): CodeIgniter\CodeIgniter->handleRequest()
11 FCPATH\index.php(79): CodeIgniter\CodeIgniter->run()
12 SYSTEMPATH\Commands\Server\rewrite.php(47): require_once('C:\\Users\\Lenovo\\OneDrive\\Área de Trabalho\\codeigniter4\\public\\index.php')
CRITICAL - 2024-02-22 11:01:47 --> Error: Undefined constant "CodeIgniter\Database\MySQLi\MYSQLI_STORE_RESULT"
in SYSTEMPATH\Database\Database.php on line 137.
 1 SYSTEMPATH\Database\Database.php(55): CodeIgniter\Database\Database->initDriver()
 2 SYSTEMPATH\Database\Config.php(82): CodeIgniter\Database\Database->load()
 3 SYSTEMPATH\Model.php(153): CodeIgniter\Database\Config::connect()
 4 SYSTEMPATH\Config\Factories.php(218): CodeIgniter\Model->__construct()
 5 SYSTEMPATH\Config\Factories.php(168): CodeIgniter\Config\Factories::createInstance()
 6 SYSTEMPATH\Common.php(813): CodeIgniter\Config\Factories::__callStatic()
 7 APPPATH\Controllers\News.php(13): model()
 8 SYSTEMPATH\CodeIgniter.php(941): App\Controllers\News->index()
 9 SYSTEMPATH\CodeIgniter.php(502): CodeIgniter\CodeIgniter->runController()
10 SYSTEMPATH\CodeIgniter.php(361): CodeIgniter\CodeIgniter->handleRequest()
11 FCPATH\index.php(79): CodeIgniter\CodeIgniter->run()
12 SYSTEMPATH\Commands\Server\rewrite.php(47): require_once('C:\\Users\\Lenovo\\OneDrive\\Área de Trabalho\\codeigniter4\\public\\index.php')
CRITICAL - 2024-02-22 11:01:47 --> Error: Undefined constant "CodeIgniter\Database\MySQLi\MYSQLI_STORE_RESULT"
in SYSTEMPATH\Database\Database.php on line 137.
 1 SYSTEMPATH\Database\Database.php(55): CodeIgniter\Database\Database->initDriver()
 2 SYSTEMPATH\Database\Config.php(82): CodeIgniter\Database\Database->load()
 3 SYSTEMPATH\Model.php(153): CodeIgniter\Database\Config::connect()
 4 SYSTEMPATH\Config\Factories.php(218): CodeIgniter\Model->__construct()
 5 SYSTEMPATH\Config\Factories.php(168): CodeIgniter\Config\Factories::createInstance()
 6 SYSTEMPATH\Common.php(813): CodeIgniter\Config\Factories::__callStatic()
 7 APPPATH\Controllers\News.php(13): model()
 8 SYSTEMPATH\CodeIgniter.php(941): App\Controllers\News->index()
 9 SYSTEMPATH\CodeIgniter.php(502): CodeIgniter\CodeIgniter->runController()
10 SYSTEMPATH\CodeIgniter.php(361): CodeIgniter\CodeIgniter->handleRequest()
11 FCPATH\index.php(79): CodeIgniter\CodeIgniter->run()
12 SYSTEMPATH\Commands\Server\rewrite.php(47): require_once('C:\\Users\\Lenovo\\OneDrive\\Área de Trabalho\\codeigniter4\\public\\index.php')
CRITICAL - 2024-02-22 11:01:48 --> Error: Undefined constant "CodeIgniter\Database\MySQLi\MYSQLI_STORE_RESULT"
in SYSTEMPATH\Database\Database.php on line 137.
 1 SYSTEMPATH\Database\Database.php(55): CodeIgniter\Database\Database->initDriver()
 2 SYSTEMPATH\Database\Config.php(82): CodeIgniter\Database\Database->load()
 3 SYSTEMPATH\Model.php(153): CodeIgniter\Database\Config::connect()
 4 SYSTEMPATH\Config\Factories.php(218): CodeIgniter\Model->__construct()
 5 SYSTEMPATH\Config\Factories.php(168): CodeIgniter\Config\Factories::createInstance()
 6 SYSTEMPATH\Common.php(813): CodeIgniter\Config\Factories::__callStatic()
 7 APPPATH\Controllers\News.php(13): model()
 8 SYSTEMPATH\CodeIgniter.php(941): App\Controllers\News->index()
 9 SYSTEMPATH\CodeIgniter.php(502): CodeIgniter\CodeIgniter->runController()
10 SYSTEMPATH\CodeIgniter.php(361): CodeIgniter\CodeIgniter->handleRequest()
11 FCPATH\index.php(79): CodeIgniter\CodeIgniter->run()
12 SYSTEMPATH\Commands\Server\rewrite.php(47): require_once('C:\\Users\\Lenovo\\OneDrive\\Área de Trabalho\\codeigniter4\\public\\index.php')
CRITICAL - 2024-02-22 11:01:48 --> Error: Undefined constant "CodeIgniter\Database\MySQLi\MYSQLI_STORE_RESULT"
in SYSTEMPATH\Database\Database.php on line 137.
 1 SYSTEMPATH\Database\Database.php(55): CodeIgniter\Database\Database->initDriver()
 2 SYSTEMPATH\Database\Config.php(82): CodeIgniter\Database\Database->load()
 3 SYSTEMPATH\Model.php(153): CodeIgniter\Database\Config::connect()
 4 SYSTEMPATH\Config\Factories.php(218): CodeIgniter\Model->__construct()
 5 SYSTEMPATH\Config\Factories.php(168): CodeIgniter\Config\Factories::createInstance()
 6 SYSTEMPATH\Common.php(813): CodeIgniter\Config\Factories::__callStatic()
 7 APPPATH\Controllers\News.php(13): model()
 8 SYSTEMPATH\CodeIgniter.php(941): App\Controllers\News->index()
 9 SYSTEMPATH\CodeIgniter.php(502): CodeIgniter\CodeIgniter->runController()
10 SYSTEMPATH\CodeIgniter.php(361): CodeIgniter\CodeIgniter->handleRequest()
11 FCPATH\index.php(79): CodeIgniter\CodeIgniter->run()
12 SYSTEMPATH\Commands\Server\rewrite.php(47): require_once('C:\\Users\\Lenovo\\OneDrive\\Área de Trabalho\\codeigniter4\\public\\index.php')
CRITICAL - 2024-02-22 11:01:48 --> Error: Undefined constant "CodeIgniter\Database\MySQLi\MYSQLI_STORE_RESULT"
in SYSTEMPATH\Database\Database.php on line 137.
 1 SYSTEMPATH\Database\Database.php(55): CodeIgniter\Database\Database->initDriver()
 2 SYSTEMPATH\Database\Config.php(82): CodeIgniter\Database\Database->load()
 3 SYSTEMPATH\Model.php(153): CodeIgniter\Database\Config::connect()
 4 SYSTEMPATH\Config\Factories.php(218): CodeIgniter\Model->__construct()
 5 SYSTEMPATH\Config\Factories.php(168): CodeIgniter\Config\Factories::createInstance()
 6 SYSTEMPATH\Common.php(813): CodeIgniter\Config\Factories::__callStatic()
 7 APPPATH\Controllers\News.php(13): model()
 8 SYSTEMPATH\CodeIgniter.php(941): App\Controllers\News->index()
 9 SYSTEMPATH\CodeIgniter.php(502): CodeIgniter\CodeIgniter->runController()
10 SYSTEMPATH\CodeIgniter.php(361): CodeIgniter\CodeIgniter->handleRequest()
11 FCPATH\index.php(79): CodeIgniter\CodeIgniter->run()
12 SYSTEMPATH\Commands\Server\rewrite.php(47): require_once('C:\\Users\\Lenovo\\OneDrive\\Área de Trabalho\\codeigniter4\\public\\index.php')
CRITICAL - 2024-02-22 11:01:49 --> Error: Undefined constant "CodeIgniter\Database\MySQLi\MYSQLI_STORE_RESULT"
in SYSTEMPATH\Database\Database.php on line 137.
 1 SYSTEMPATH\Database\Database.php(55): CodeIgniter\Database\Database->initDriver()
 2 SYSTEMPATH\Database\Config.php(82): CodeIgniter\Database\Database->load()
 3 SYSTEMPATH\Model.php(153): CodeIgniter\Database\Config::connect()
 4 SYSTEMPATH\Config\Factories.php(218): CodeIgniter\Model->__construct()
 5 SYSTEMPATH\Config\Factories.php(168): CodeIgniter\Config\Factories::createInstance()
 6 SYSTEMPATH\Common.php(813): CodeIgniter\Config\Factories::__callStatic()
 7 APPPATH\Controllers\News.php(13): model()
 8 SYSTEMPATH\CodeIgniter.php(941): App\Controllers\News->index()
 9 SYSTEMPATH\CodeIgniter.php(502): CodeIgniter\CodeIgniter->runController()
10 SYSTEMPATH\CodeIgniter.php(361): CodeIgniter\CodeIgniter->handleRequest()
11 FCPATH\index.php(79): CodeIgniter\CodeIgniter->run()
12 SYSTEMPATH\Commands\Server\rewrite.php(47): require_once('C:\\Users\\Lenovo\\OneDrive\\Área de Trabalho\\codeigniter4\\public\\index.php')
CRITICAL - 2024-02-22 11:19:22 --> Error: Undefined constant "CodeIgniter\Database\MySQLi\MYSQLI_STORE_RESULT"
in SYSTEMPATH\Database\Database.php on line 137.
 1 SYSTEMPATH\Database\Database.php(55): CodeIgniter\Database\Database->initDriver()
 2 SYSTEMPATH\Database\Config.php(82): CodeIgniter\Database\Database->load()
 3 SYSTEMPATH\Model.php(153): CodeIgniter\Database\Config::connect()
 4 SYSTEMPATH\Config\Factories.php(218): CodeIgniter\Model->__construct()
 5 SYSTEMPATH\Config\Factories.php(168): CodeIgniter\Config\Factories::createInstance()
 6 SYSTEMPATH\Common.php(813): CodeIgniter\Config\Factories::__callStatic()
 7 APPPATH\Controllers\News.php(13): model()
 8 SYSTEMPATH\CodeIgniter.php(941): App\Controllers\News->index()
 9 SYSTEMPATH\CodeIgniter.php(502): CodeIgniter\CodeIgniter->runController()
10 SYSTEMPATH\CodeIgniter.php(361): CodeIgniter\CodeIgniter->handleRequest()
11 FCPATH\index.php(79): CodeIgniter\CodeIgniter->run()
12 SYSTEMPATH\Commands\Server\rewrite.php(47): require_once('C:\\Users\\Lenovo\\OneDrive\\Área de Trabalho\\codeigniter4\\public\\index.php')
CRITICAL - 2024-02-22 11:19:22 --> Error: Undefined constant "CodeIgniter\Database\MySQLi\MYSQLI_STORE_RESULT"
in SYSTEMPATH\Database\Database.php on line 137.
 1 SYSTEMPATH\Database\Database.php(55): CodeIgniter\Database\Database->initDriver()
 2 SYSTEMPATH\Database\Config.php(82): CodeIgniter\Database\Database->load()
 3 SYSTEMPATH\Model.php(153): CodeIgniter\Database\Config::connect()
 4 SYSTEMPATH\Config\Factories.php(218): CodeIgniter\Model->__construct()
 5 SYSTEMPATH\Config\Factories.php(168): CodeIgniter\Config\Factories::createInstance()
 6 SYSTEMPATH\Common.php(813): CodeIgniter\Config\Factories::__callStatic()
 7 APPPATH\Controllers\News.php(13): model()
 8 SYSTEMPATH\CodeIgniter.php(941): App\Controllers\News->index()
 9 SYSTEMPATH\CodeIgniter.php(502): CodeIgniter\CodeIgniter->runController()
10 SYSTEMPATH\CodeIgniter.php(361): CodeIgniter\CodeIgniter->handleRequest()
11 FCPATH\index.php(79): CodeIgniter\CodeIgniter->run()
12 SYSTEMPATH\Commands\Server\rewrite.php(47): require_once('C:\\Users\\Lenovo\\OneDrive\\Área de Trabalho\\codeigniter4\\public\\index.php')
CRITICAL - 2024-02-22 11:19:40 --> Error: Undefined constant "CodeIgniter\Database\MySQLi\MYSQLI_STORE_RESULT"
in SYSTEMPATH\Database\Database.php on line 137.
 1 SYSTEMPATH\Database\Database.php(55): CodeIgniter\Database\Database->initDriver()
 2 SYSTEMPATH\Database\Config.php(82): CodeIgniter\Database\Database->load()
 3 SYSTEMPATH\Model.php(153): CodeIgniter\Database\Config::connect()
 4 SYSTEMPATH\Config\Factories.php(218): CodeIgniter\Model->__construct()
 5 SYSTEMPATH\Config\Factories.php(168): CodeIgniter\Config\Factories::createInstance()
 6 SYSTEMPATH\Common.php(813): CodeIgniter\Config\Factories::__callStatic()
 7 APPPATH\Controllers\News.php(13): model()
 8 SYSTEMPATH\CodeIgniter.php(941): App\Controllers\News->index()
 9 SYSTEMPATH\CodeIgniter.php(502): CodeIgniter\CodeIgniter->runController()
10 SYSTEMPATH\CodeIgniter.php(361): CodeIgniter\CodeIgniter->handleRequest()
11 FCPATH\index.php(79): CodeIgniter\CodeIgniter->run()
12 SYSTEMPATH\Commands\Server\rewrite.php(47): require_once('C:\\Users\\Lenovo\\OneDrive\\Área de Trabalho\\codeigniter4\\public\\index.php')
CRITICAL - 2024-02-22 11:19:41 --> Error: Undefined constant "CodeIgniter\Database\MySQLi\MYSQLI_STORE_RESULT"
in SYSTEMPATH\Database\Database.php on line 137.
 1 SYSTEMPATH\Database\Database.php(55): CodeIgniter\Database\Database->initDriver()
 2 SYSTEMPATH\Database\Config.php(82): CodeIgniter\Database\Database->load()
 3 SYSTEMPATH\Model.php(153): CodeIgniter\Database\Config::connect()
 4 SYSTEMPATH\Config\Factories.php(218): CodeIgniter\Model->__construct()
 5 SYSTEMPATH\Config\Factories.php(168): CodeIgniter\Config\Factories::createInstance()
 6 SYSTEMPATH\Common.php(813): CodeIgniter\Config\Factories::__callStatic()
 7 APPPATH\Controllers\News.php(13): model()
 8 SYSTEMPATH\CodeIgniter.php(941): App\Controllers\News->index()
 9 SYSTEMPATH\CodeIgniter.php(502): CodeIgniter\CodeIgniter->runController()
10 SYSTEMPATH\CodeIgniter.php(361): CodeIgniter\CodeIgniter->handleRequest()
11 FCPATH\index.php(79): CodeIgniter\CodeIgniter->run()
12 SYSTEMPATH\Commands\Server\rewrite.php(47): require_once('C:\\Users\\Lenovo\\OneDrive\\Área de Trabalho\\codeigniter4\\public\\index.php')
CRITICAL - 2024-02-22 11:19:42 --> Error: Undefined constant "CodeIgniter\Database\MySQLi\MYSQLI_STORE_RESULT"
in SYSTEMPATH\Database\Database.php on line 137.
 1 SYSTEMPATH\Database\Database.php(55): CodeIgniter\Database\Database->initDriver()
 2 SYSTEMPATH\Database\Config.php(82): CodeIgniter\Database\Database->load()
 3 SYSTEMPATH\Model.php(153): CodeIgniter\Database\Config::connect()
 4 SYSTEMPATH\Config\Factories.php(218): CodeIgniter\Model->__construct()
 5 SYSTEMPATH\Config\Factories.php(168): CodeIgniter\Config\Factories::createInstance()
 6 SYSTEMPATH\Common.php(813): CodeIgniter\Config\Factories::__callStatic()
 7 APPPATH\Controllers\News.php(13): model()
 8 SYSTEMPATH\CodeIgniter.php(941): App\Controllers\News->index()
 9 SYSTEMPATH\CodeIgniter.php(502): CodeIgniter\CodeIgniter->runController()
10 SYSTEMPATH\CodeIgniter.php(361): CodeIgniter\CodeIgniter->handleRequest()
11 FCPATH\index.php(79): CodeIgniter\CodeIgniter->run()
12 SYSTEMPATH\Commands\Server\rewrite.php(47): require_once('C:\\Users\\Lenovo\\OneDrive\\Área de Trabalho\\codeigniter4\\public\\index.php')
CRITICAL - 2024-02-22 11:19:42 --> Error: Undefined constant "CodeIgniter\Database\MySQLi\MYSQLI_STORE_RESULT"
in SYSTEMPATH\Database\Database.php on line 137.
 1 SYSTEMPATH\Database\Database.php(55): CodeIgniter\Database\Database->initDriver()
 2 SYSTEMPATH\Database\Config.php(82): CodeIgniter\Database\Database->load()
 3 SYSTEMPATH\Model.php(153): CodeIgniter\Database\Config::connect()
 4 SYSTEMPATH\Config\Factories.php(218): CodeIgniter\Model->__construct()
 5 SYSTEMPATH\Config\Factories.php(168): CodeIgniter\Config\Factories::createInstance()
 6 SYSTEMPATH\Common.php(813): CodeIgniter\Config\Factories::__callStatic()
 7 APPPATH\Controllers\News.php(13): model()
 8 SYSTEMPATH\CodeIgniter.php(941): App\Controllers\News->index()
 9 SYSTEMPATH\CodeIgniter.php(502): CodeIgniter\CodeIgniter->runController()
10 SYSTEMPATH\CodeIgniter.php(361): CodeIgniter\CodeIgniter->handleRequest()
11 FCPATH\index.php(79): CodeIgniter\CodeIgniter->run()
12 SYSTEMPATH\Commands\Server\rewrite.php(47): require_once('C:\\Users\\Lenovo\\OneDrive\\Área de Trabalho\\codeigniter4\\public\\index.php')
CRITICAL - 2024-02-22 11:20:28 --> Error: Class "Config\Database" not found
in SYSTEMPATH\Debug\Toolbar\Collectors\Database.php on line 256.
 1 SYSTEMPATH\Debug\Toolbar\Collectors\Database.php(73): CodeIgniter\Debug\Toolbar\Collectors\Database->getConnections()
 2 SYSTEMPATH\Debug\Toolbar.php(65): CodeIgniter\Debug\Toolbar\Collectors\Database->__construct()
 3 SYSTEMPATH\Config\Services.php(779): CodeIgniter\Debug\Toolbar->__construct()
 4 SYSTEMPATH\Config\BaseService.php(258): CodeIgniter\Config\Services::toolbar()
 5 SYSTEMPATH\Config\BaseService.php(199): CodeIgniter\Config\BaseService::__callStatic()
 6 SYSTEMPATH\Config\Services.php(774): CodeIgniter\Config\BaseService::getSharedInstance()
 7 SYSTEMPATH\Config\BaseService.php(258): CodeIgniter\Config\Services::toolbar()
 8 APPPATH\Config\Events.php(47): CodeIgniter\Config\BaseService::__callStatic()
 9 SYSTEMPATH\Events\Events.php(154): CodeIgniter\Events\Events::Config\{closure}()
10 SYSTEMPATH\CodeIgniter.php(442): CodeIgniter\Events\Events::trigger()
11 SYSTEMPATH\CodeIgniter.php(361): CodeIgniter\CodeIgniter->handleRequest()
12 FCPATH\index.php(79): CodeIgniter\CodeIgniter->run()
13 SYSTEMPATH\Commands\Server\rewrite.php(47): require_once('C:\\Users\\Lenovo\\OneDrive\\Área de Trabalho\\codeigniter4\\public\\index.php')
CRITICAL - 2024-02-22 11:20:57 --> Error: Class "Config\Database" not found
in SYSTEMPATH\Debug\Toolbar\Collectors\Database.php on line 256.
 1 SYSTEMPATH\Debug\Toolbar\Collectors\Database.php(73): CodeIgniter\Debug\Toolbar\Collectors\Database->getConnections()
 2 SYSTEMPATH\Debug\Toolbar.php(65): CodeIgniter\Debug\Toolbar\Collectors\Database->__construct()
 3 SYSTEMPATH\Config\Services.php(779): CodeIgniter\Debug\Toolbar->__construct()
 4 SYSTEMPATH\Config\BaseService.php(258): CodeIgniter\Config\Services::toolbar()
 5 SYSTEMPATH\Config\BaseService.php(199): CodeIgniter\Config\BaseService::__callStatic()
 6 SYSTEMPATH\Config\Services.php(774): CodeIgniter\Config\BaseService::getSharedInstance()
 7 SYSTEMPATH\Config\BaseService.php(258): CodeIgniter\Config\Services::toolbar()
 8 APPPATH\Config\Events.php(47): CodeIgniter\Config\BaseService::__callStatic()
 9 SYSTEMPATH\Events\Events.php(154): CodeIgniter\Events\Events::Config\{closure}()
10 SYSTEMPATH\CodeIgniter.php(442): CodeIgniter\Events\Events::trigger()
11 SYSTEMPATH\CodeIgniter.php(361): CodeIgniter\CodeIgniter->handleRequest()
12 FCPATH\index.php(79): CodeIgniter\CodeIgniter->run()
13 SYSTEMPATH\Commands\Server\rewrite.php(47): require_once('C:\\Users\\Lenovo\\OneDrive\\Área de Trabalho\\codeigniter4\\public\\index.php')
CRITICAL - 2024-02-22 11:20:58 --> Error: Class "Config\Database" not found
in SYSTEMPATH\Debug\Toolbar\Collectors\Database.php on line 256.
 1 SYSTEMPATH\Debug\Toolbar\Collectors\Database.php(73): CodeIgniter\Debug\Toolbar\Collectors\Database->getConnections()
 2 SYSTEMPATH\Debug\Toolbar.php(65): CodeIgniter\Debug\Toolbar\Collectors\Database->__construct()
 3 SYSTEMPATH\Config\Services.php(779): CodeIgniter\Debug\Toolbar->__construct()
 4 SYSTEMPATH\Config\BaseService.php(258): CodeIgniter\Config\Services::toolbar()
 5 SYSTEMPATH\Config\BaseService.php(199): CodeIgniter\Config\BaseService::__callStatic()
 6 SYSTEMPATH\Config\Services.php(774): CodeIgniter\Config\BaseService::getSharedInstance()
 7 SYSTEMPATH\Config\BaseService.php(258): CodeIgniter\Config\Services::toolbar()
 8 APPPATH\Config\Events.php(47): CodeIgniter\Config\BaseService::__callStatic()
 9 SYSTEMPATH\Events\Events.php(154): CodeIgniter\Events\Events::Config\{closure}()
10 SYSTEMPATH\CodeIgniter.php(442): CodeIgniter\Events\Events::trigger()
11 SYSTEMPATH\CodeIgniter.php(361): CodeIgniter\CodeIgniter->handleRequest()
12 FCPATH\index.php(79): CodeIgniter\CodeIgniter->run()
13 SYSTEMPATH\Commands\Server\rewrite.php(47): require_once('C:\\Users\\Lenovo\\OneDrive\\Área de Trabalho\\codeigniter4\\public\\index.php')
CRITICAL - 2024-02-22 11:21:19 --> Error: Undefined constant "CodeIgniter\Database\MySQLi\MYSQLI_STORE_RESULT"
in SYSTEMPATH\Database\Database.php on line 137.
 1 SYSTEMPATH\Database\Database.php(55): CodeIgniter\Database\Database->initDriver()
 2 SYSTEMPATH\Database\Config.php(82): CodeIgniter\Database\Database->load()
 3 SYSTEMPATH\Model.php(153): CodeIgniter\Database\Config::connect()
 4 SYSTEMPATH\Config\Factories.php(218): CodeIgniter\Model->__construct()
 5 SYSTEMPATH\Config\Factories.php(168): CodeIgniter\Config\Factories::createInstance()
 6 SYSTEMPATH\Common.php(813): CodeIgniter\Config\Factories::__callStatic()
 7 APPPATH\Controllers\News.php(13): model()
 8 SYSTEMPATH\CodeIgniter.php(941): App\Controllers\News->index()
 9 SYSTEMPATH\CodeIgniter.php(502): CodeIgniter\CodeIgniter->runController()
10 SYSTEMPATH\CodeIgniter.php(361): CodeIgniter\CodeIgniter->handleRequest()
11 FCPATH\index.php(79): CodeIgniter\CodeIgniter->run()
12 SYSTEMPATH\Commands\Server\rewrite.php(47): require_once('C:\\Users\\Lenovo\\OneDrive\\Área de Trabalho\\codeigniter4\\public\\index.php')
CRITICAL - 2024-02-22 11:25:05 --> Error: Undefined constant "CodeIgniter\Database\MySQLi\MYSQLI_STORE_RESULT"
in SYSTEMPATH\Database\Database.php on line 137.
 1 SYSTEMPATH\Database\Database.php(55): CodeIgniter\Database\Database->initDriver()
 2 SYSTEMPATH\Database\Config.php(82): CodeIgniter\Database\Database->load()
 3 SYSTEMPATH\Model.php(153): CodeIgniter\Database\Config::connect()
 4 SYSTEMPATH\Config\Factories.php(218): CodeIgniter\Model->__construct()
 5 SYSTEMPATH\Config\Factories.php(168): CodeIgniter\Config\Factories::createInstance()
 6 SYSTEMPATH\Common.php(813): CodeIgniter\Config\Factories::__callStatic()
 7 APPPATH\Controllers\News.php(13): model()
 8 SYSTEMPATH\CodeIgniter.php(941): App\Controllers\News->index()
 9 SYSTEMPATH\CodeIgniter.php(502): CodeIgniter\CodeIgniter->runController()
10 SYSTEMPATH\CodeIgniter.php(361): CodeIgniter\CodeIgniter->handleRequest()
11 FCPATH\index.php(79): CodeIgniter\CodeIgniter->run()
12 SYSTEMPATH\Commands\Server\rewrite.php(47): require_once('C:\\Users\\Lenovo\\OneDrive\\Área de Trabalho\\codeigniter4\\public\\index.php')
CRITICAL - 2024-02-22 11:55:51 --> Error: Undefined constant "CodeIgniter\Database\MySQLi\MYSQLI_STORE_RESULT"
in SYSTEMPATH\Database\Database.php on line 137.
 1 SYSTEMPATH\Database\Database.php(55): CodeIgniter\Database\Database->initDriver()
 2 SYSTEMPATH\Database\Config.php(82): CodeIgniter\Database\Database->load()
 3 SYSTEMPATH\Model.php(153): CodeIgniter\Database\Config::connect()
 4 SYSTEMPATH\Config\Factories.php(218): CodeIgniter\Model->__construct()
 5 SYSTEMPATH\Config\Factories.php(168): CodeIgniter\Config\Factories::createInstance()
 6 SYSTEMPATH\Common.php(813): CodeIgniter\Config\Factories::__callStatic()
 7 APPPATH\Controllers\News.php(13): model()
 8 SYSTEMPATH\CodeIgniter.php(941): App\Controllers\News->index()
 9 SYSTEMPATH\CodeIgniter.php(502): CodeIgniter\CodeIgniter->runController()
10 SYSTEMPATH\CodeIgniter.php(361): CodeIgniter\CodeIgniter->handleRequest()
11 FCPATH\index.php(79): CodeIgniter\CodeIgniter->run()
12 SYSTEMPATH\Commands\Server\rewrite.php(47): require_once('C:\\Users\\Lenovo\\OneDrive\\Área de Trabalho\\codeigniter4\\public\\index.php')
CRITICAL - 2024-02-22 11:56:20 --> Error: Undefined constant "CodeIgniter\Database\MySQLi\MYSQLI_STORE_RESULT"
in SYSTEMPATH\Database\Database.php on line 137.
 1 SYSTEMPATH\Database\Database.php(55): CodeIgniter\Database\Database->initDriver()
 2 SYSTEMPATH\Database\Config.php(82): CodeIgniter\Database\Database->load()
 3 SYSTEMPATH\Model.php(153): CodeIgniter\Database\Config::connect()
 4 SYSTEMPATH\Config\Factories.php(218): CodeIgniter\Model->__construct()
 5 SYSTEMPATH\Config\Factories.php(168): CodeIgniter\Config\Factories::createInstance()
 6 SYSTEMPATH\Common.php(813): CodeIgniter\Config\Factories::__callStatic()
 7 APPPATH\Controllers\News.php(13): model()
 8 SYSTEMPATH\CodeIgniter.php(941): App\Controllers\News->index()
 9 SYSTEMPATH\CodeIgniter.php(502): CodeIgniter\CodeIgniter->runController()
10 SYSTEMPATH\CodeIgniter.php(361): CodeIgniter\CodeIgniter->handleRequest()
11 FCPATH\index.php(79): CodeIgniter\CodeIgniter->run()
12 SYSTEMPATH\Commands\Server\rewrite.php(47): require_once('C:\\Users\\Lenovo\\OneDrive\\Área de Trabalho\\codeigniter4\\public\\index.php')
CRITICAL - 2024-02-22 11:56:21 --> Error: Undefined constant "CodeIgniter\Database\MySQLi\MYSQLI_STORE_RESULT"
in SYSTEMPATH\Database\Database.php on line 137.
 1 SYSTEMPATH\Database\Database.php(55): CodeIgniter\Database\Database->initDriver()
 2 SYSTEMPATH\Database\Config.php(82): CodeIgniter\Database\Database->load()
 3 SYSTEMPATH\Model.php(153): CodeIgniter\Database\Config::connect()
 4 SYSTEMPATH\Config\Factories.php(218): CodeIgniter\Model->__construct()
 5 SYSTEMPATH\Config\Factories.php(168): CodeIgniter\Config\Factories::createInstance()
 6 SYSTEMPATH\Common.php(813): CodeIgniter\Config\Factories::__callStatic()
 7 APPPATH\Controllers\News.php(13): model()
 8 SYSTEMPATH\CodeIgniter.php(941): App\Controllers\News->index()
 9 SYSTEMPATH\CodeIgniter.php(502): CodeIgniter\CodeIgniter->runController()
10 SYSTEMPATH\CodeIgniter.php(361): CodeIgniter\CodeIgniter->handleRequest()
11 FCPATH\index.php(79): CodeIgniter\CodeIgniter->run()
12 SYSTEMPATH\Commands\Server\rewrite.php(47): require_once('C:\\Users\\Lenovo\\OneDrive\\Área de Trabalho\\codeigniter4\\public\\index.php')
CRITICAL - 2024-02-22 11:56:22 --> Error: Undefined constant "CodeIgniter\Database\MySQLi\MYSQLI_STORE_RESULT"
in SYSTEMPATH\Database\Database.php on line 137.
 1 SYSTEMPATH\Database\Database.php(55): CodeIgniter\Database\Database->initDriver()
 2 SYSTEMPATH\Database\Config.php(82): CodeIgniter\Database\Database->load()
 3 SYSTEMPATH\Model.php(153): CodeIgniter\Database\Config::connect()
 4 SYSTEMPATH\Config\Factories.php(218): CodeIgniter\Model->__construct()
 5 SYSTEMPATH\Config\Factories.php(168): CodeIgniter\Config\Factories::createInstance()
 6 SYSTEMPATH\Common.php(813): CodeIgniter\Config\Factories::__callStatic()
 7 APPPATH\Controllers\News.php(13): model()
 8 SYSTEMPATH\CodeIgniter.php(941): App\Controllers\News->index()
 9 SYSTEMPATH\CodeIgniter.php(502): CodeIgniter\CodeIgniter->runController()
10 SYSTEMPATH\CodeIgniter.php(361): CodeIgniter\CodeIgniter->handleRequest()
11 FCPATH\index.php(79): CodeIgniter\CodeIgniter->run()
12 SYSTEMPATH\Commands\Server\rewrite.php(47): require_once('C:\\Users\\Lenovo\\OneDrive\\Área de Trabalho\\codeigniter4\\public\\index.php')
CRITICAL - 2024-02-22 11:56:22 --> Error: Undefined constant "CodeIgniter\Database\MySQLi\MYSQLI_STORE_RESULT"
in SYSTEMPATH\Database\Database.php on line 137.
 1 SYSTEMPATH\Database\Database.php(55): CodeIgniter\Database\Database->initDriver()
 2 SYSTEMPATH\Database\Config.php(82): CodeIgniter\Database\Database->load()
 3 SYSTEMPATH\Model.php(153): CodeIgniter\Database\Config::connect()
 4 SYSTEMPATH\Config\Factories.php(218): CodeIgniter\Model->__construct()
 5 SYSTEMPATH\Config\Factories.php(168): CodeIgniter\Config\Factories::createInstance()
 6 SYSTEMPATH\Common.php(813): CodeIgniter\Config\Factories::__callStatic()
 7 APPPATH\Controllers\News.php(13): model()
 8 SYSTEMPATH\CodeIgniter.php(941): App\Controllers\News->index()
 9 SYSTEMPATH\CodeIgniter.php(502): CodeIgniter\CodeIgniter->runController()
10 SYSTEMPATH\CodeIgniter.php(361): CodeIgniter\CodeIgniter->handleRequest()
11 FCPATH\index.php(79): CodeIgniter\CodeIgniter->run()
12 SYSTEMPATH\Commands\Server\rewrite.php(47): require_once('C:\\Users\\Lenovo\\OneDrive\\Área de Trabalho\\codeigniter4\\public\\index.php')
CRITICAL - 2024-02-22 11:58:56 --> Error: Undefined constant "CodeIgniter\Database\MySQLi\MYSQLI_STORE_RESULT"
in SYSTEMPATH\Database\Database.php on line 137.
 1 SYSTEMPATH\Database\Database.php(55): CodeIgniter\Database\Database->initDriver()
 2 SYSTEMPATH\Database\Config.php(82): CodeIgniter\Database\Database->load()
 3 SYSTEMPATH\Model.php(153): CodeIgniter\Database\Config::connect()
 4 SYSTEMPATH\Config\Factories.php(218): CodeIgniter\Model->__construct()
 5 SYSTEMPATH\Config\Factories.php(168): CodeIgniter\Config\Factories::createInstance()
 6 SYSTEMPATH\Common.php(813): CodeIgniter\Config\Factories::__callStatic()
 7 APPPATH\Controllers\News.php(13): model()
 8 SYSTEMPATH\CodeIgniter.php(941): App\Controllers\News->index()
 9 SYSTEMPATH\CodeIgniter.php(502): CodeIgniter\CodeIgniter->runController()
10 SYSTEMPATH\CodeIgniter.php(361): CodeIgniter\CodeIgniter->handleRequest()
11 FCPATH\index.php(79): CodeIgniter\CodeIgniter->run()
12 SYSTEMPATH\Commands\Server\rewrite.php(47): require_once('C:\\Users\\Lenovo\\OneDrive\\Área de Trabalho\\codeigniter4\\public\\index.php')
CRITICAL - 2024-02-22 11:58:58 --> Error: Undefined constant "CodeIgniter\Database\MySQLi\MYSQLI_STORE_RESULT"
in SYSTEMPATH\Database\Database.php on line 137.
 1 SYSTEMPATH\Database\Database.php(55): CodeIgniter\Database\Database->initDriver()
 2 SYSTEMPATH\Database\Config.php(82): CodeIgniter\Database\Database->load()
 3 SYSTEMPATH\Model.php(153): CodeIgniter\Database\Config::connect()
 4 SYSTEMPATH\Config\Factories.php(218): CodeIgniter\Model->__construct()
 5 SYSTEMPATH\Config\Factories.php(168): CodeIgniter\Config\Factories::createInstance()
 6 SYSTEMPATH\Common.php(813): CodeIgniter\Config\Factories::__callStatic()
 7 APPPATH\Controllers\News.php(13): model()
 8 SYSTEMPATH\CodeIgniter.php(941): App\Controllers\News->index()
 9 SYSTEMPATH\CodeIgniter.php(502): CodeIgniter\CodeIgniter->runController()
10 SYSTEMPATH\CodeIgniter.php(361): CodeIgniter\CodeIgniter->handleRequest()
11 FCPATH\index.php(79): CodeIgniter\CodeIgniter->run()
12 SYSTEMPATH\Commands\Server\rewrite.php(47): require_once('C:\\Users\\Lenovo\\OneDrive\\Área de Trabalho\\codeigniter4\\public\\index.php')
CRITICAL - 2024-02-22 11:58:58 --> Error: Undefined constant "CodeIgniter\Database\MySQLi\MYSQLI_STORE_RESULT"
in SYSTEMPATH\Database\Database.php on line 137.
 1 SYSTEMPATH\Database\Database.php(55): CodeIgniter\Database\Database->initDriver()
 2 SYSTEMPATH\Database\Config.php(82): CodeIgniter\Database\Database->load()
 3 SYSTEMPATH\Model.php(153): CodeIgniter\Database\Config::connect()
 4 SYSTEMPATH\Config\Factories.php(218): CodeIgniter\Model->__construct()
 5 SYSTEMPATH\Config\Factories.php(168): CodeIgniter\Config\Factories::createInstance()
 6 SYSTEMPATH\Common.php(813): CodeIgniter\Config\Factories::__callStatic()
 7 APPPATH\Controllers\News.php(13): model()
 8 SYSTEMPATH\CodeIgniter.php(941): App\Controllers\News->index()
 9 SYSTEMPATH\CodeIgniter.php(502): CodeIgniter\CodeIgniter->runController()
10 SYSTEMPATH\CodeIgniter.php(361): CodeIgniter\CodeIgniter->handleRequest()
11 FCPATH\index.php(79): CodeIgniter\CodeIgniter->run()
12 SYSTEMPATH\Commands\Server\rewrite.php(47): require_once('C:\\Users\\Lenovo\\OneDrive\\Área de Trabalho\\codeigniter4\\public\\index.php')
CRITICAL - 2024-02-22 11:58:59 --> Error: Undefined constant "CodeIgniter\Database\MySQLi\MYSQLI_STORE_RESULT"
in SYSTEMPATH\Database\Database.php on line 137.
 1 SYSTEMPATH\Database\Database.php(55): CodeIgniter\Database\Database->initDriver()
 2 SYSTEMPATH\Database\Config.php(82): CodeIgniter\Database\Database->load()
 3 SYSTEMPATH\Model.php(153): CodeIgniter\Database\Config::connect()
 4 SYSTEMPATH\Config\Factories.php(218): CodeIgniter\Model->__construct()
 5 SYSTEMPATH\Config\Factories.php(168): CodeIgniter\Config\Factories::createInstance()
 6 SYSTEMPATH\Common.php(813): CodeIgniter\Config\Factories::__callStatic()
 7 APPPATH\Controllers\News.php(13): model()
 8 SYSTEMPATH\CodeIgniter.php(941): App\Controllers\News->index()
 9 SYSTEMPATH\CodeIgniter.php(502): CodeIgniter\CodeIgniter->runController()
10 SYSTEMPATH\CodeIgniter.php(361): CodeIgniter\CodeIgniter->handleRequest()
11 FCPATH\index.php(79): CodeIgniter\CodeIgniter->run()
12 SYSTEMPATH\Commands\Server\rewrite.php(47): require_once('C:\\Users\\Lenovo\\OneDrive\\Área de Trabalho\\codeigniter4\\public\\index.php')
CRITICAL - 2024-02-22 11:58:59 --> Error: Undefined constant "CodeIgniter\Database\MySQLi\MYSQLI_STORE_RESULT"
in SYSTEMPATH\Database\Database.php on line 137.
 1 SYSTEMPATH\Database\Database.php(55): CodeIgniter\Database\Database->initDriver()
 2 SYSTEMPATH\Database\Config.php(82): CodeIgniter\Database\Database->load()
 3 SYSTEMPATH\Model.php(153): CodeIgniter\Database\Config::connect()
 4 SYSTEMPATH\Config\Factories.php(218): CodeIgniter\Model->__construct()
 5 SYSTEMPATH\Config\Factories.php(168): CodeIgniter\Config\Factories::createInstance()
 6 SYSTEMPATH\Common.php(813): CodeIgniter\Config\Factories::__callStatic()
 7 APPPATH\Controllers\News.php(13): model()
 8 SYSTEMPATH\CodeIgniter.php(941): App\Controllers\News->index()
 9 SYSTEMPATH\CodeIgniter.php(502): CodeIgniter\CodeIgniter->runController()
10 SYSTEMPATH\CodeIgniter.php(361): CodeIgniter\CodeIgniter->handleRequest()
11 FCPATH\index.php(79): CodeIgniter\CodeIgniter->run()
12 SYSTEMPATH\Commands\Server\rewrite.php(47): require_once('C:\\Users\\Lenovo\\OneDrive\\Área de Trabalho\\codeigniter4\\public\\index.php')
CRITICAL - 2024-02-22 11:59:00 --> Error: Undefined constant "CodeIgniter\Database\MySQLi\MYSQLI_STORE_RESULT"
in SYSTEMPATH\Database\Database.php on line 137.
 1 SYSTEMPATH\Database\Database.php(55): CodeIgniter\Database\Database->initDriver()
 2 SYSTEMPATH\Database\Config.php(82): CodeIgniter\Database\Database->load()
 3 SYSTEMPATH\Model.php(153): CodeIgniter\Database\Config::connect()
 4 SYSTEMPATH\Config\Factories.php(218): CodeIgniter\Model->__construct()
 5 SYSTEMPATH\Config\Factories.php(168): CodeIgniter\Config\Factories::createInstance()
 6 SYSTEMPATH\Common.php(813): CodeIgniter\Config\Factories::__callStatic()
 7 APPPATH\Controllers\News.php(13): model()
 8 SYSTEMPATH\CodeIgniter.php(941): App\Controllers\News->index()
 9 SYSTEMPATH\CodeIgniter.php(502): CodeIgniter\CodeIgniter->runController()
10 SYSTEMPATH\CodeIgniter.php(361): CodeIgniter\CodeIgniter->handleRequest()
11 FCPATH\index.php(79): CodeIgniter\CodeIgniter->run()
12 SYSTEMPATH\Commands\Server\rewrite.php(47): require_once('C:\\Users\\Lenovo\\OneDrive\\Área de Trabalho\\codeigniter4\\public\\index.php')
CRITICAL - 2024-02-22 11:59:01 --> Error: Undefined constant "CodeIgniter\Database\MySQLi\MYSQLI_STORE_RESULT"
in SYSTEMPATH\Database\Database.php on line 137.
 1 SYSTEMPATH\Database\Database.php(55): CodeIgniter\Database\Database->initDriver()
 2 SYSTEMPATH\Database\Config.php(82): CodeIgniter\Database\Database->load()
 3 SYSTEMPATH\Model.php(153): CodeIgniter\Database\Config::connect()
 4 SYSTEMPATH\Config\Factories.php(218): CodeIgniter\Model->__construct()
 5 SYSTEMPATH\Config\Factories.php(168): CodeIgniter\Config\Factories::createInstance()
 6 SYSTEMPATH\Common.php(813): CodeIgniter\Config\Factories::__callStatic()
 7 APPPATH\Controllers\News.php(13): model()
 8 SYSTEMPATH\CodeIgniter.php(941): App\Controllers\News->index()
 9 SYSTEMPATH\CodeIgniter.php(502): CodeIgniter\CodeIgniter->runController()
10 SYSTEMPATH\CodeIgniter.php(361): CodeIgniter\CodeIgniter->handleRequest()
11 FCPATH\index.php(79): CodeIgniter\CodeIgniter->run()
12 SYSTEMPATH\Commands\Server\rewrite.php(47): require_once('C:\\Users\\Lenovo\\OneDrive\\Área de Trabalho\\codeigniter4\\public\\index.php')
CRITICAL - 2024-02-22 15:13:20 --> Error: Undefined constant "CodeIgniter\Database\MySQLi\MYSQLI_STORE_RESULT"
in SYSTEMPATH\Database\Database.php on line 137.
 1 SYSTEMPATH\Database\Database.php(55): CodeIgniter\Database\Database->initDriver()
 2 SYSTEMPATH\Database\Config.php(82): CodeIgniter\Database\Database->load()
 3 SYSTEMPATH\Model.php(153): CodeIgniter\Database\Config::connect()
 4 SYSTEMPATH\Config\Factories.php(218): CodeIgniter\Model->__construct()
 5 SYSTEMPATH\Config\Factories.php(168): CodeIgniter\Config\Factories::createInstance()
 6 SYSTEMPATH\Common.php(813): CodeIgniter\Config\Factories::__callStatic()
 7 APPPATH\Controllers\News.php(13): model()
 8 SYSTEMPATH\CodeIgniter.php(941): App\Controllers\News->index()
 9 SYSTEMPATH\CodeIgniter.php(502): CodeIgniter\CodeIgniter->runController()
10 SYSTEMPATH\CodeIgniter.php(361): CodeIgniter\CodeIgniter->handleRequest()
11 FCPATH\index.php(79): CodeIgniter\CodeIgniter->run()
12 SYSTEMPATH\Commands\Server\rewrite.php(47): require_once('C:\\Users\\Lenovo\\OneDrive\\Área de Trabalho\\codeigniter4\\public\\index.php')
CRITICAL - 2024-02-22 15:13:21 --> Error: Undefined constant "CodeIgniter\Database\MySQLi\MYSQLI_STORE_RESULT"
in SYSTEMPATH\Database\Database.php on line 137.
 1 SYSTEMPATH\Database\Database.php(55): CodeIgniter\Database\Database->initDriver()
 2 SYSTEMPATH\Database\Config.php(82): CodeIgniter\Database\Database->load()
 3 SYSTEMPATH\Model.php(153): CodeIgniter\Database\Config::connect()
 4 SYSTEMPATH\Config\Factories.php(218): CodeIgniter\Model->__construct()
 5 SYSTEMPATH\Config\Factories.php(168): CodeIgniter\Config\Factories::createInstance()
 6 SYSTEMPATH\Common.php(813): CodeIgniter\Config\Factories::__callStatic()
 7 APPPATH\Controllers\News.php(13): model()
 8 SYSTEMPATH\CodeIgniter.php(941): App\Controllers\News->index()
 9 SYSTEMPATH\CodeIgniter.php(502): CodeIgniter\CodeIgniter->runController()
10 SYSTEMPATH\CodeIgniter.php(361): CodeIgniter\CodeIgniter->handleRequest()
11 FCPATH\index.php(79): CodeIgniter\CodeIgniter->run()
12 SYSTEMPATH\Commands\Server\rewrite.php(47): require_once('C:\\Users\\Lenovo\\OneDrive\\Área de Trabalho\\codeigniter4\\public\\index.php')
